<?xml version="1.0" encoding="UTF-8"?>
<testng-results ignored="0" total="3" passed="3" failed="0" skipped="0">
  <reporter-output>
    <line>
      <![CDATA[Hii TestNG!!]]>
    </line>
    <line>
      <![CDATA[Heyy Java!!]]>
    </line>
    <line>
      <![CDATA[Where is Selenium!!]]>
    </line>
  </reporter-output>
  <suite started-at="2023-07-17T14:03:21 IST" name="Suite" finished-at="2023-07-17T14:03:21 IST" duration-ms="224">
    <groups>
    </groups>
    <test started-at="2023-07-17T14:03:21 IST" name="Test" finished-at="2023-07-17T14:03:21 IST" duration-ms="224">
      <class name="testNgPackage.Sumo">
        <test-method signature="sumoMethod()[pri:0, instance:testNgPackage.Sumo@6fdbe764]" started-at="2023-07-17T14:03:21 IST" name="sumoMethod" finished-at="2023-07-17T14:03:21 IST" duration-ms="3" status="PASS">
          <reporter-output>
            <line>
              <![CDATA[Where is Selenium!!]]>
            </line>
          </reporter-output>
        </test-method> <!-- sumoMethod -->
      </class> <!-- testNgPackage.Sumo -->
      <class name="testNgPackage.Demo">
        <test-method signature="demoMethod()[pri:0, instance:testNgPackage.Demo@273e7444]" started-at="2023-07-17T14:03:21 IST" name="demoMethod" finished-at="2023-07-17T14:03:21 IST" duration-ms="22" status="PASS">
          <reporter-output>
            <line>
              <![CDATA[Hii TestNG!!]]>
            </line>
          </reporter-output>
        </test-method> <!-- demoMethod -->
      </class> <!-- testNgPackage.Demo -->
      <class name="testNgPackage.Remo">
        <test-method signature="remoMethod()[pri:0, instance:testNgPackage.Remo@a38c7fe]" started-at="2023-07-17T14:03:21 IST" name="remoMethod" finished-at="2023-07-17T14:03:21 IST" duration-ms="4" status="PASS">
          <reporter-output>
            <line>
              <![CDATA[Heyy Java!!]]>
            </line>
          </reporter-output>
        </test-method> <!-- remoMethod -->
      </class> <!-- testNgPackage.Remo -->
    </test> <!-- Test -->
  </suite> <!-- Suite -->
</testng-results>
