<?xml version="1.0" encoding="UTF-8"?>
<!-- Generated by org.testng.reporters.JUnitReportReporter -->
<testsuite hostname="DESKTOP-7KBD9CU" failures="0" tests="1000" name="testNGAnnotation_Flag.Flag3" time="1.991" errors="0" timestamp="2023-07-22T20:37:04 IST" skipped="0">
  <testcase classname="testNGAnnotation_Flag.Flag3" name="method1" time="0.000">
    <system-out>
      <![CDATA[Login Test Case!!]]>
    </system-out>
  </testcase> <!-- method1 -->
  <testcase classname="testNGAnnotation_Flag.Flag3" name="method1" time="0.007">
    <system-out>
      <![CDATA[Login Test Case!!]]>
    </system-out>
  </testcase> <!-- method1 -->
  <testcase classname="testNGAnnotation_Flag.Flag3" name="method1" time="0.000">
    <system-out>
      <![CDATA[Login Test Case!!]]>
    </system-out>
  </testcase> <!-- method1 -->
  <testcase classname="testNGAnnotation_Flag.Flag3" name="method1" time="0.000">
    <system-out>
      <![CDATA[Login Test Case!!]]>
    </system-out>
  </testcase> <!-- method1 -->
  <testcase classname="testNGAnnotation_Flag.Flag3" name="method1" time="0.000">
    <system-out>
      <![CDATA[Login Test Case!!]]>
    </system-out>
  </testcase> <!-- method1 -->
  <testcase classname="testNGAnnotation_Flag.Flag3" name="method1" time="0.002">
    <system-out>
      <![CDATA[Login Test Case!!]]>
    </system-out>
  </testcase> <!-- method1 -->
  <testcase classname="testNGAnnotation_Flag.Flag3" name="method1" time="0.000">
    <system-out>
      <![CDATA[Login Test Case!!]]>
    </system-out>
  </testcase> <!-- method1 -->
  <testcase classname="testNGAnnotation_Flag.Flag3" name="method1" time="0.003">
    <system-out>
      <![CDATA[Login Test Case!!]]>
    </system-out>
  </testcase> <!-- method1 -->
  <testcase classname="testNGAnnotation_Flag.Flag3" name="method1" time="0.003">
    <system-out>
      <![CDATA[Login Test Case!!]]>
    </system-out>
  </testcase> <!-- method1 -->
  <testcase classname="testNGAnnotation_Flag.Flag3" name="method1" time="0.000">
    <system-out>
      <![CDATA[Login Test Case!!]]>
    </system-out>
  </testcase> <!-- method1 -->
  <testcase classname="testNGAnnotation_Flag.Flag3" name="method1" time="0.005">
    <system-out>
      <![CDATA[Login Test Case!!]]>
    </system-out>
  </testcase> <!-- method1 -->
  <testcase classname="testNGAnnotation_Flag.Flag3" name="method1" time="0.001">
    <system-out>
      <![CDATA[Login Test Case!!]]>
    </system-out>
  </testcase> <!-- method1 -->
  <testcase classname="testNGAnnotation_Flag.Flag3" name="method1" time="0.001">
    <system-out>
      <![CDATA[Login Test Case!!]]>
    </system-out>
  </testcase> <!-- method1 -->
  <testcase classname="testNGAnnotation_Flag.Flag3" name="method1" time="0.001">
    <system-out>
      <![CDATA[Login Test Case!!]]>
    </system-out>
  </testcase> <!-- method1 -->
  <testcase classname="testNGAnnotation_Flag.Flag3" name="method1" time="0.000">
    <system-out>
      <![CDATA[Login Test Case!!]]>
    </system-out>
  </testcase> <!-- method1 -->
  <testcase classname="testNGAnnotation_Flag.Flag3" name="method1" time="0.000">
    <system-out>
      <![CDATA[Login Test Case!!]]>
    </system-out>
  </testcase> <!-- method1 -->
  <testcase classname="testNGAnnotation_Flag.Flag3" name="method1" time="0.001">
    <system-out>
      <![CDATA[Login Test Case!!]]>
    </system-out>
  </testcase> <!-- method1 -->
  <testcase classname="testNGAnnotation_Flag.Flag3" name="method1" time="0.001">
    <system-out>
      <![CDATA[Login Test Case!!]]>
    </system-out>
  </testcase> <!-- method1 -->
  <testcase classname="testNGAnnotation_Flag.Flag3" name="method1" time="0.004">
    <system-out>
      <![CDATA[Login Test Case!!]]>
    </system-out>
  </testcase> <!-- method1 -->
  <testcase classname="testNGAnnotation_Flag.Flag3" name="method1" time="0.000">
    <system-out>
      <![CDATA[Login Test Case!!]]>
    </system-out>
  </testcase> <!-- method1 -->
  <testcase classname="testNGAnnotation_Flag.Flag3" name="method1" time="0.002">
    <system-out>
      <![CDATA[Login Test Case!!]]>
    </system-out>
  </testcase> <!-- method1 -->
  <testcase classname="testNGAnnotation_Flag.Flag3" name="method1" time="0.000">
    <system-out>
      <![CDATA[Login Test Case!!]]>
    </system-out>
  </testcase> <!-- method1 -->
  <testcase classname="testNGAnnotation_Flag.Flag3" name="method1" time="0.000">
    <system-out>
      <![CDATA[Login Test Case!!]]>
    </system-out>
  </testcase> <!-- method1 -->
  <testcase classname="testNGAnnotation_Flag.Flag3" name="method1" time="0.014">
    <system-out>
      <![CDATA[Login Test Case!!]]>
    </system-out>
  </testcase> <!-- method1 -->
  <testcase classname="testNGAnnotation_Flag.Flag3" name="method1" time="0.000">
    <system-out>
      <![CDATA[Login Test Case!!]]>
    </system-out>
  </testcase> <!-- method1 -->
  <testcase classname="testNGAnnotation_Flag.Flag3" name="method1" time="0.004">
    <system-out>
      <![CDATA[Login Test Case!!]]>
    </system-out>
  </testcase> <!-- method1 -->
  <testcase classname="testNGAnnotation_Flag.Flag3" name="method1" time="0.000">
    <system-out>
      <![CDATA[Login Test Case!!]]>
    </system-out>
  </testcase> <!-- method1 -->
  <testcase classname="testNGAnnotation_Flag.Flag3" name="method1" time="0.001">
    <system-out>
      <![CDATA[Login Test Case!!]]>
    </system-out>
  </testcase> <!-- method1 -->
  <testcase classname="testNGAnnotation_Flag.Flag3" name="method1" time="0.003">
    <system-out>
      <![CDATA[Login Test Case!!]]>
    </system-out>
  </testcase> <!-- method1 -->
  <testcase classname="testNGAnnotation_Flag.Flag3" name="method1" time="0.001">
    <system-out>
      <![CDATA[Login Test Case!!]]>
    </system-out>
  </testcase> <!-- method1 -->
  <testcase classname="testNGAnnotation_Flag.Flag3" name="method1" time="0.001">
    <system-out>
      <![CDATA[Login Test Case!!]]>
    </system-out>
  </testcase> <!-- method1 -->
  <testcase classname="testNGAnnotation_Flag.Flag3" name="method1" time="0.003">
    <system-out>
      <![CDATA[Login Test Case!!]]>
    </system-out>
  </testcase> <!-- method1 -->
  <testcase classname="testNGAnnotation_Flag.Flag3" name="method1" time="0.012">
    <system-out>
      <![CDATA[Login Test Case!!]]>
    </system-out>
  </testcase> <!-- method1 -->
  <testcase classname="testNGAnnotation_Flag.Flag3" name="method1" time="0.000">
    <system-out>
      <![CDATA[Login Test Case!!]]>
    </system-out>
  </testcase> <!-- method1 -->
  <testcase classname="testNGAnnotation_Flag.Flag3" name="method1" time="0.002">
    <system-out>
      <![CDATA[Login Test Case!!]]>
    </system-out>
  </testcase> <!-- method1 -->
  <testcase classname="testNGAnnotation_Flag.Flag3" name="method1" time="0.001">
    <system-out>
      <![CDATA[Login Test Case!!]]>
    </system-out>
  </testcase> <!-- method1 -->
  <testcase classname="testNGAnnotation_Flag.Flag3" name="method1" time="0.002">
    <system-out>
      <![CDATA[Login Test Case!!]]>
    </system-out>
  </testcase> <!-- method1 -->
  <testcase classname="testNGAnnotation_Flag.Flag3" name="method1" time="0.000">
    <system-out>
      <![CDATA[Login Test Case!!]]>
    </system-out>
  </testcase> <!-- method1 -->
  <testcase classname="testNGAnnotation_Flag.Flag3" name="method1" time="0.001">
    <system-out>
      <![CDATA[Login Test Case!!]]>
    </system-out>
  </testcase> <!-- method1 -->
  <testcase classname="testNGAnnotation_Flag.Flag3" name="method1" time="0.003">
    <system-out>
      <![CDATA[Login Test Case!!]]>
    </system-out>
  </testcase> <!-- method1 -->
  <testcase classname="testNGAnnotation_Flag.Flag3" name="method1" time="0.000">
    <system-out>
      <![CDATA[Login Test Case!!]]>
    </system-out>
  </testcase> <!-- method1 -->
  <testcase classname="testNGAnnotation_Flag.Flag3" name="method1" time="0.004">
    <system-out>
      <![CDATA[Login Test Case!!]]>
    </system-out>
  </testcase> <!-- method1 -->
  <testcase classname="testNGAnnotation_Flag.Flag3" name="method1" time="0.002">
    <system-out>
      <![CDATA[Login Test Case!!]]>
    </system-out>
  </testcase> <!-- method1 -->
  <testcase classname="testNGAnnotation_Flag.Flag3" name="method1" time="0.004">
    <system-out>
      <![CDATA[Login Test Case!!]]>
    </system-out>
  </testcase> <!-- method1 -->
  <testcase classname="testNGAnnotation_Flag.Flag3" name="method1" time="0.000">
    <system-out>
      <![CDATA[Login Test Case!!]]>
    </system-out>
  </testcase> <!-- method1 -->
  <testcase classname="testNGAnnotation_Flag.Flag3" name="method1" time="0.000">
    <system-out>
      <![CDATA[Login Test Case!!]]>
    </system-out>
  </testcase> <!-- method1 -->
  <testcase classname="testNGAnnotation_Flag.Flag3" name="method1" time="0.001">
    <system-out>
      <![CDATA[Login Test Case!!]]>
    </system-out>
  </testcase> <!-- method1 -->
  <testcase classname="testNGAnnotation_Flag.Flag3" name="method1" time="0.001">
    <system-out>
      <![CDATA[Login Test Case!!]]>
    </system-out>
  </testcase> <!-- method1 -->
  <testcase classname="testNGAnnotation_Flag.Flag3" name="method1" time="0.001">
    <system-out>
      <![CDATA[Login Test Case!!]]>
    </system-out>
  </testcase> <!-- method1 -->
  <testcase classname="testNGAnnotation_Flag.Flag3" name="method1" time="0.000">
    <system-out>
      <![CDATA[Login Test Case!!]]>
    </system-out>
  </testcase> <!-- method1 -->
  <testcase classname="testNGAnnotation_Flag.Flag3" name="method1" time="0.001">
    <system-out>
      <![CDATA[Login Test Case!!]]>
    </system-out>
  </testcase> <!-- method1 -->
  <testcase classname="testNGAnnotation_Flag.Flag3" name="method1" time="0.002">
    <system-out>
      <![CDATA[Login Test Case!!]]>
    </system-out>
  </testcase> <!-- method1 -->
  <testcase classname="testNGAnnotation_Flag.Flag3" name="method1" time="0.004">
    <system-out>
      <![CDATA[Login Test Case!!]]>
    </system-out>
  </testcase> <!-- method1 -->
  <testcase classname="testNGAnnotation_Flag.Flag3" name="method1" time="0.001">
    <system-out>
      <![CDATA[Login Test Case!!]]>
    </system-out>
  </testcase> <!-- method1 -->
  <testcase classname="testNGAnnotation_Flag.Flag3" name="method1" time="0.000">
    <system-out>
      <![CDATA[Login Test Case!!]]>
    </system-out>
  </testcase> <!-- method1 -->
  <testcase classname="testNGAnnotation_Flag.Flag3" name="method1" time="0.011">
    <system-out>
      <![CDATA[Login Test Case!!]]>
    </system-out>
  </testcase> <!-- method1 -->
  <testcase classname="testNGAnnotation_Flag.Flag3" name="method1" time="0.001">
    <system-out>
      <![CDATA[Login Test Case!!]]>
    </system-out>
  </testcase> <!-- method1 -->
  <testcase classname="testNGAnnotation_Flag.Flag3" name="method1" time="0.002">
    <system-out>
      <![CDATA[Login Test Case!!]]>
    </system-out>
  </testcase> <!-- method1 -->
  <testcase classname="testNGAnnotation_Flag.Flag3" name="method1" time="0.002">
    <system-out>
      <![CDATA[Login Test Case!!]]>
    </system-out>
  </testcase> <!-- method1 -->
  <testcase classname="testNGAnnotation_Flag.Flag3" name="method1" time="0.001">
    <system-out>
      <![CDATA[Login Test Case!!]]>
    </system-out>
  </testcase> <!-- method1 -->
  <testcase classname="testNGAnnotation_Flag.Flag3" name="method1" time="0.001">
    <system-out>
      <![CDATA[Login Test Case!!]]>
    </system-out>
  </testcase> <!-- method1 -->
  <testcase classname="testNGAnnotation_Flag.Flag3" name="method1" time="0.003">
    <system-out>
      <![CDATA[Login Test Case!!]]>
    </system-out>
  </testcase> <!-- method1 -->
  <testcase classname="testNGAnnotation_Flag.Flag3" name="method1" time="0.001">
    <system-out>
      <![CDATA[Login Test Case!!]]>
    </system-out>
  </testcase> <!-- method1 -->
  <testcase classname="testNGAnnotation_Flag.Flag3" name="method1" time="0.000">
    <system-out>
      <![CDATA[Login Test Case!!]]>
    </system-out>
  </testcase> <!-- method1 -->
  <testcase classname="testNGAnnotation_Flag.Flag3" name="method1" time="0.001">
    <system-out>
      <![CDATA[Login Test Case!!]]>
    </system-out>
  </testcase> <!-- method1 -->
  <testcase classname="testNGAnnotation_Flag.Flag3" name="method1" time="0.001">
    <system-out>
      <![CDATA[Login Test Case!!]]>
    </system-out>
  </testcase> <!-- method1 -->
  <testcase classname="testNGAnnotation_Flag.Flag3" name="method1" time="0.004">
    <system-out>
      <![CDATA[Login Test Case!!]]>
    </system-out>
  </testcase> <!-- method1 -->
  <testcase classname="testNGAnnotation_Flag.Flag3" name="method1" time="0.001">
    <system-out>
      <![CDATA[Login Test Case!!]]>
    </system-out>
  </testcase> <!-- method1 -->
  <testcase classname="testNGAnnotation_Flag.Flag3" name="method1" time="0.001">
    <system-out>
      <![CDATA[Login Test Case!!]]>
    </system-out>
  </testcase> <!-- method1 -->
  <testcase classname="testNGAnnotation_Flag.Flag3" name="method1" time="0.000">
    <system-out>
      <![CDATA[Login Test Case!!]]>
    </system-out>
  </testcase> <!-- method1 -->
  <testcase classname="testNGAnnotation_Flag.Flag3" name="method1" time="0.001">
    <system-out>
      <![CDATA[Login Test Case!!]]>
    </system-out>
  </testcase> <!-- method1 -->
  <testcase classname="testNGAnnotation_Flag.Flag3" name="method1" time="0.003">
    <system-out>
      <![CDATA[Login Test Case!!]]>
    </system-out>
  </testcase> <!-- method1 -->
  <testcase classname="testNGAnnotation_Flag.Flag3" name="method1" time="0.000">
    <system-out>
      <![CDATA[Login Test Case!!]]>
    </system-out>
  </testcase> <!-- method1 -->
  <testcase classname="testNGAnnotation_Flag.Flag3" name="method1" time="0.002">
    <system-out>
      <![CDATA[Login Test Case!!]]>
    </system-out>
  </testcase> <!-- method1 -->
  <testcase classname="testNGAnnotation_Flag.Flag3" name="method1" time="0.057">
    <system-out>
      <![CDATA[Login Test Case!!]]>
    </system-out>
  </testcase> <!-- method1 -->
  <testcase classname="testNGAnnotation_Flag.Flag3" name="method1" time="0.001">
    <system-out>
      <![CDATA[Login Test Case!!]]>
    </system-out>
  </testcase> <!-- method1 -->
  <testcase classname="testNGAnnotation_Flag.Flag3" name="method1" time="0.001">
    <system-out>
      <![CDATA[Login Test Case!!]]>
    </system-out>
  </testcase> <!-- method1 -->
  <testcase classname="testNGAnnotation_Flag.Flag3" name="method1" time="0.001">
    <system-out>
      <![CDATA[Login Test Case!!]]>
    </system-out>
  </testcase> <!-- method1 -->
  <testcase classname="testNGAnnotation_Flag.Flag3" name="method1" time="0.000">
    <system-out>
      <![CDATA[Login Test Case!!]]>
    </system-out>
  </testcase> <!-- method1 -->
  <testcase classname="testNGAnnotation_Flag.Flag3" name="method1" time="0.004">
    <system-out>
      <![CDATA[Login Test Case!!]]>
    </system-out>
  </testcase> <!-- method1 -->
  <testcase classname="testNGAnnotation_Flag.Flag3" name="method1" time="0.000">
    <system-out>
      <![CDATA[Login Test Case!!]]>
    </system-out>
  </testcase> <!-- method1 -->
  <testcase classname="testNGAnnotation_Flag.Flag3" name="method1" time="0.005">
    <system-out>
      <![CDATA[Login Test Case!!]]>
    </system-out>
  </testcase> <!-- method1 -->
  <testcase classname="testNGAnnotation_Flag.Flag3" name="method1" time="0.003">
    <system-out>
      <![CDATA[Login Test Case!!]]>
    </system-out>
  </testcase> <!-- method1 -->
  <testcase classname="testNGAnnotation_Flag.Flag3" name="method1" time="0.000">
    <system-out>
      <![CDATA[Login Test Case!!]]>
    </system-out>
  </testcase> <!-- method1 -->
  <testcase classname="testNGAnnotation_Flag.Flag3" name="method1" time="0.001">
    <system-out>
      <![CDATA[Login Test Case!!]]>
    </system-out>
  </testcase> <!-- method1 -->
  <testcase classname="testNGAnnotation_Flag.Flag3" name="method1" time="0.001">
    <system-out>
      <![CDATA[Login Test Case!!]]>
    </system-out>
  </testcase> <!-- method1 -->
  <testcase classname="testNGAnnotation_Flag.Flag3" name="method1" time="0.000">
    <system-out>
      <![CDATA[Login Test Case!!]]>
    </system-out>
  </testcase> <!-- method1 -->
  <testcase classname="testNGAnnotation_Flag.Flag3" name="method1" time="0.002">
    <system-out>
      <![CDATA[Login Test Case!!]]>
    </system-out>
  </testcase> <!-- method1 -->
  <testcase classname="testNGAnnotation_Flag.Flag3" name="method1" time="0.001">
    <system-out>
      <![CDATA[Login Test Case!!]]>
    </system-out>
  </testcase> <!-- method1 -->
  <testcase classname="testNGAnnotation_Flag.Flag3" name="method1" time="0.008">
    <system-out>
      <![CDATA[Login Test Case!!]]>
    </system-out>
  </testcase> <!-- method1 -->
  <testcase classname="testNGAnnotation_Flag.Flag3" name="method1" time="0.000">
    <system-out>
      <![CDATA[Login Test Case!!]]>
    </system-out>
  </testcase> <!-- method1 -->
  <testcase classname="testNGAnnotation_Flag.Flag3" name="method1" time="0.001">
    <system-out>
      <![CDATA[Login Test Case!!]]>
    </system-out>
  </testcase> <!-- method1 -->
  <testcase classname="testNGAnnotation_Flag.Flag3" name="method1" time="0.004">
    <system-out>
      <![CDATA[Login Test Case!!]]>
    </system-out>
  </testcase> <!-- method1 -->
  <testcase classname="testNGAnnotation_Flag.Flag3" name="method1" time="0.000">
    <system-out>
      <![CDATA[Login Test Case!!]]>
    </system-out>
  </testcase> <!-- method1 -->
  <testcase classname="testNGAnnotation_Flag.Flag3" name="method1" time="0.001">
    <system-out>
      <![CDATA[Login Test Case!!]]>
    </system-out>
  </testcase> <!-- method1 -->
  <testcase classname="testNGAnnotation_Flag.Flag3" name="method1" time="0.028">
    <system-out>
      <![CDATA[Login Test Case!!]]>
    </system-out>
  </testcase> <!-- method1 -->
  <testcase classname="testNGAnnotation_Flag.Flag3" name="method1" time="0.001">
    <system-out>
      <![CDATA[Login Test Case!!]]>
    </system-out>
  </testcase> <!-- method1 -->
  <testcase classname="testNGAnnotation_Flag.Flag3" name="method1" time="0.000">
    <system-out>
      <![CDATA[Login Test Case!!]]>
    </system-out>
  </testcase> <!-- method1 -->
  <testcase classname="testNGAnnotation_Flag.Flag3" name="method1" time="0.002">
    <system-out>
      <![CDATA[Login Test Case!!]]>
    </system-out>
  </testcase> <!-- method1 -->
  <testcase classname="testNGAnnotation_Flag.Flag3" name="method1" time="0.000">
    <system-out>
      <![CDATA[Login Test Case!!]]>
    </system-out>
  </testcase> <!-- method1 -->
  <testcase classname="testNGAnnotation_Flag.Flag3" name="method1" time="0.001">
    <system-out>
      <![CDATA[Login Test Case!!]]>
    </system-out>
  </testcase> <!-- method1 -->
  <testcase classname="testNGAnnotation_Flag.Flag3" name="method1" time="0.001">
    <system-out>
      <![CDATA[Login Test Case!!]]>
    </system-out>
  </testcase> <!-- method1 -->
  <testcase classname="testNGAnnotation_Flag.Flag3" name="method1" time="0.000">
    <system-out>
      <![CDATA[Login Test Case!!]]>
    </system-out>
  </testcase> <!-- method1 -->
  <testcase classname="testNGAnnotation_Flag.Flag3" name="method1" time="0.000">
    <system-out>
      <![CDATA[Login Test Case!!]]>
    </system-out>
  </testcase> <!-- method1 -->
  <testcase classname="testNGAnnotation_Flag.Flag3" name="method1" time="0.000">
    <system-out>
      <![CDATA[Login Test Case!!]]>
    </system-out>
  </testcase> <!-- method1 -->
  <testcase classname="testNGAnnotation_Flag.Flag3" name="method1" time="0.001">
    <system-out>
      <![CDATA[Login Test Case!!]]>
    </system-out>
  </testcase> <!-- method1 -->
  <testcase classname="testNGAnnotation_Flag.Flag3" name="method1" time="0.000">
    <system-out>
      <![CDATA[Login Test Case!!]]>
    </system-out>
  </testcase> <!-- method1 -->
  <testcase classname="testNGAnnotation_Flag.Flag3" name="method1" time="0.000">
    <system-out>
      <![CDATA[Login Test Case!!]]>
    </system-out>
  </testcase> <!-- method1 -->
  <testcase classname="testNGAnnotation_Flag.Flag3" name="method1" time="0.000">
    <system-out>
      <![CDATA[Login Test Case!!]]>
    </system-out>
  </testcase> <!-- method1 -->
  <testcase classname="testNGAnnotation_Flag.Flag3" name="method1" time="0.000">
    <system-out>
      <![CDATA[Login Test Case!!]]>
    </system-out>
  </testcase> <!-- method1 -->
  <testcase classname="testNGAnnotation_Flag.Flag3" name="method1" time="0.000">
    <system-out>
      <![CDATA[Login Test Case!!]]>
    </system-out>
  </testcase> <!-- method1 -->
  <testcase classname="testNGAnnotation_Flag.Flag3" name="method1" time="0.001">
    <system-out>
      <![CDATA[Login Test Case!!]]>
    </system-out>
  </testcase> <!-- method1 -->
  <testcase classname="testNGAnnotation_Flag.Flag3" name="method1" time="0.001">
    <system-out>
      <![CDATA[Login Test Case!!]]>
    </system-out>
  </testcase> <!-- method1 -->
  <testcase classname="testNGAnnotation_Flag.Flag3" name="method1" time="0.001">
    <system-out>
      <![CDATA[Login Test Case!!]]>
    </system-out>
  </testcase> <!-- method1 -->
  <testcase classname="testNGAnnotation_Flag.Flag3" name="method1" time="0.001">
    <system-out>
      <![CDATA[Login Test Case!!]]>
    </system-out>
  </testcase> <!-- method1 -->
  <testcase classname="testNGAnnotation_Flag.Flag3" name="method1" time="0.005">
    <system-out>
      <![CDATA[Login Test Case!!]]>
    </system-out>
  </testcase> <!-- method1 -->
  <testcase classname="testNGAnnotation_Flag.Flag3" name="method1" time="0.001">
    <system-out>
      <![CDATA[Login Test Case!!]]>
    </system-out>
  </testcase> <!-- method1 -->
  <testcase classname="testNGAnnotation_Flag.Flag3" name="method1" time="0.007">
    <system-out>
      <![CDATA[Login Test Case!!]]>
    </system-out>
  </testcase> <!-- method1 -->
  <testcase classname="testNGAnnotation_Flag.Flag3" name="method1" time="0.001">
    <system-out>
      <![CDATA[Login Test Case!!]]>
    </system-out>
  </testcase> <!-- method1 -->
  <testcase classname="testNGAnnotation_Flag.Flag3" name="method1" time="0.000">
    <system-out>
      <![CDATA[Login Test Case!!]]>
    </system-out>
  </testcase> <!-- method1 -->
  <testcase classname="testNGAnnotation_Flag.Flag3" name="method1" time="0.000">
    <system-out>
      <![CDATA[Login Test Case!!]]>
    </system-out>
  </testcase> <!-- method1 -->
  <testcase classname="testNGAnnotation_Flag.Flag3" name="method1" time="0.001">
    <system-out>
      <![CDATA[Login Test Case!!]]>
    </system-out>
  </testcase> <!-- method1 -->
  <testcase classname="testNGAnnotation_Flag.Flag3" name="method1" time="0.005">
    <system-out>
      <![CDATA[Login Test Case!!]]>
    </system-out>
  </testcase> <!-- method1 -->
  <testcase classname="testNGAnnotation_Flag.Flag3" name="method1" time="0.001">
    <system-out>
      <![CDATA[Login Test Case!!]]>
    </system-out>
  </testcase> <!-- method1 -->
  <testcase classname="testNGAnnotation_Flag.Flag3" name="method1" time="0.001">
    <system-out>
      <![CDATA[Login Test Case!!]]>
    </system-out>
  </testcase> <!-- method1 -->
  <testcase classname="testNGAnnotation_Flag.Flag3" name="method1" time="0.000">
    <system-out>
      <![CDATA[Login Test Case!!]]>
    </system-out>
  </testcase> <!-- method1 -->
  <testcase classname="testNGAnnotation_Flag.Flag3" name="method1" time="0.000">
    <system-out>
      <![CDATA[Login Test Case!!]]>
    </system-out>
  </testcase> <!-- method1 -->
  <testcase classname="testNGAnnotation_Flag.Flag3" name="method1" time="0.001">
    <system-out>
      <![CDATA[Login Test Case!!]]>
    </system-out>
  </testcase> <!-- method1 -->
  <testcase classname="testNGAnnotation_Flag.Flag3" name="method1" time="0.001">
    <system-out>
      <![CDATA[Login Test Case!!]]>
    </system-out>
  </testcase> <!-- method1 -->
  <testcase classname="testNGAnnotation_Flag.Flag3" name="method1" time="0.001">
    <system-out>
      <![CDATA[Login Test Case!!]]>
    </system-out>
  </testcase> <!-- method1 -->
  <testcase classname="testNGAnnotation_Flag.Flag3" name="method1" time="0.000">
    <system-out>
      <![CDATA[Login Test Case!!]]>
    </system-out>
  </testcase> <!-- method1 -->
  <testcase classname="testNGAnnotation_Flag.Flag3" name="method1" time="0.001">
    <system-out>
      <![CDATA[Login Test Case!!]]>
    </system-out>
  </testcase> <!-- method1 -->
  <testcase classname="testNGAnnotation_Flag.Flag3" name="method1" time="0.002">
    <system-out>
      <![CDATA[Login Test Case!!]]>
    </system-out>
  </testcase> <!-- method1 -->
  <testcase classname="testNGAnnotation_Flag.Flag3" name="method1" time="0.000">
    <system-out>
      <![CDATA[Login Test Case!!]]>
    </system-out>
  </testcase> <!-- method1 -->
  <testcase classname="testNGAnnotation_Flag.Flag3" name="method1" time="0.001">
    <system-out>
      <![CDATA[Login Test Case!!]]>
    </system-out>
  </testcase> <!-- method1 -->
  <testcase classname="testNGAnnotation_Flag.Flag3" name="method1" time="0.000">
    <system-out>
      <![CDATA[Login Test Case!!]]>
    </system-out>
  </testcase> <!-- method1 -->
  <testcase classname="testNGAnnotation_Flag.Flag3" name="method1" time="0.001">
    <system-out>
      <![CDATA[Login Test Case!!]]>
    </system-out>
  </testcase> <!-- method1 -->
  <testcase classname="testNGAnnotation_Flag.Flag3" name="method1" time="0.000">
    <system-out>
      <![CDATA[Login Test Case!!]]>
    </system-out>
  </testcase> <!-- method1 -->
  <testcase classname="testNGAnnotation_Flag.Flag3" name="method1" time="0.001">
    <system-out>
      <![CDATA[Login Test Case!!]]>
    </system-out>
  </testcase> <!-- method1 -->
  <testcase classname="testNGAnnotation_Flag.Flag3" name="method1" time="0.000">
    <system-out>
      <![CDATA[Login Test Case!!]]>
    </system-out>
  </testcase> <!-- method1 -->
  <testcase classname="testNGAnnotation_Flag.Flag3" name="method1" time="0.000">
    <system-out>
      <![CDATA[Login Test Case!!]]>
    </system-out>
  </testcase> <!-- method1 -->
  <testcase classname="testNGAnnotation_Flag.Flag3" name="method1" time="0.000">
    <system-out>
      <![CDATA[Login Test Case!!]]>
    </system-out>
  </testcase> <!-- method1 -->
  <testcase classname="testNGAnnotation_Flag.Flag3" name="method1" time="0.003">
    <system-out>
      <![CDATA[Login Test Case!!]]>
    </system-out>
  </testcase> <!-- method1 -->
  <testcase classname="testNGAnnotation_Flag.Flag3" name="method1" time="0.001">
    <system-out>
      <![CDATA[Login Test Case!!]]>
    </system-out>
  </testcase> <!-- method1 -->
  <testcase classname="testNGAnnotation_Flag.Flag3" name="method1" time="0.001">
    <system-out>
      <![CDATA[Login Test Case!!]]>
    </system-out>
  </testcase> <!-- method1 -->
  <testcase classname="testNGAnnotation_Flag.Flag3" name="method1" time="0.001">
    <system-out>
      <![CDATA[Login Test Case!!]]>
    </system-out>
  </testcase> <!-- method1 -->
  <testcase classname="testNGAnnotation_Flag.Flag3" name="method1" time="0.002">
    <system-out>
      <![CDATA[Login Test Case!!]]>
    </system-out>
  </testcase> <!-- method1 -->
  <testcase classname="testNGAnnotation_Flag.Flag3" name="method1" time="0.001">
    <system-out>
      <![CDATA[Login Test Case!!]]>
    </system-out>
  </testcase> <!-- method1 -->
  <testcase classname="testNGAnnotation_Flag.Flag3" name="method1" time="0.000">
    <system-out>
      <![CDATA[Login Test Case!!]]>
    </system-out>
  </testcase> <!-- method1 -->
  <testcase classname="testNGAnnotation_Flag.Flag3" name="method1" time="0.001">
    <system-out>
      <![CDATA[Login Test Case!!]]>
    </system-out>
  </testcase> <!-- method1 -->
  <testcase classname="testNGAnnotation_Flag.Flag3" name="method1" time="0.001">
    <system-out>
      <![CDATA[Login Test Case!!]]>
    </system-out>
  </testcase> <!-- method1 -->
  <testcase classname="testNGAnnotation_Flag.Flag3" name="method1" time="0.001">
    <system-out>
      <![CDATA[Login Test Case!!]]>
    </system-out>
  </testcase> <!-- method1 -->
  <testcase classname="testNGAnnotation_Flag.Flag3" name="method1" time="0.007">
    <system-out>
      <![CDATA[Login Test Case!!]]>
    </system-out>
  </testcase> <!-- method1 -->
  <testcase classname="testNGAnnotation_Flag.Flag3" name="method1" time="0.001">
    <system-out>
      <![CDATA[Login Test Case!!]]>
    </system-out>
  </testcase> <!-- method1 -->
  <testcase classname="testNGAnnotation_Flag.Flag3" name="method1" time="0.001">
    <system-out>
      <![CDATA[Login Test Case!!]]>
    </system-out>
  </testcase> <!-- method1 -->
  <testcase classname="testNGAnnotation_Flag.Flag3" name="method1" time="0.000">
    <system-out>
      <![CDATA[Login Test Case!!]]>
    </system-out>
  </testcase> <!-- method1 -->
  <testcase classname="testNGAnnotation_Flag.Flag3" name="method1" time="0.003">
    <system-out>
      <![CDATA[Login Test Case!!]]>
    </system-out>
  </testcase> <!-- method1 -->
  <testcase classname="testNGAnnotation_Flag.Flag3" name="method1" time="0.000">
    <system-out>
      <![CDATA[Login Test Case!!]]>
    </system-out>
  </testcase> <!-- method1 -->
  <testcase classname="testNGAnnotation_Flag.Flag3" name="method1" time="0.000">
    <system-out>
      <![CDATA[Login Test Case!!]]>
    </system-out>
  </testcase> <!-- method1 -->
  <testcase classname="testNGAnnotation_Flag.Flag3" name="method1" time="0.005">
    <system-out>
      <![CDATA[Login Test Case!!]]>
    </system-out>
  </testcase> <!-- method1 -->
  <testcase classname="testNGAnnotation_Flag.Flag3" name="method1" time="0.000">
    <system-out>
      <![CDATA[Login Test Case!!]]>
    </system-out>
  </testcase> <!-- method1 -->
  <testcase classname="testNGAnnotation_Flag.Flag3" name="method1" time="0.002">
    <system-out>
      <![CDATA[Login Test Case!!]]>
    </system-out>
  </testcase> <!-- method1 -->
  <testcase classname="testNGAnnotation_Flag.Flag3" name="method1" time="0.000">
    <system-out>
      <![CDATA[Login Test Case!!]]>
    </system-out>
  </testcase> <!-- method1 -->
  <testcase classname="testNGAnnotation_Flag.Flag3" name="method1" time="0.000">
    <system-out>
      <![CDATA[Login Test Case!!]]>
    </system-out>
  </testcase> <!-- method1 -->
  <testcase classname="testNGAnnotation_Flag.Flag3" name="method1" time="0.001">
    <system-out>
      <![CDATA[Login Test Case!!]]>
    </system-out>
  </testcase> <!-- method1 -->
  <testcase classname="testNGAnnotation_Flag.Flag3" name="method1" time="0.000">
    <system-out>
      <![CDATA[Login Test Case!!]]>
    </system-out>
  </testcase> <!-- method1 -->
  <testcase classname="testNGAnnotation_Flag.Flag3" name="method1" time="0.000">
    <system-out>
      <![CDATA[Login Test Case!!]]>
    </system-out>
  </testcase> <!-- method1 -->
  <testcase classname="testNGAnnotation_Flag.Flag3" name="method1" time="0.001">
    <system-out>
      <![CDATA[Login Test Case!!]]>
    </system-out>
  </testcase> <!-- method1 -->
  <testcase classname="testNGAnnotation_Flag.Flag3" name="method1" time="0.001">
    <system-out>
      <![CDATA[Login Test Case!!]]>
    </system-out>
  </testcase> <!-- method1 -->
  <testcase classname="testNGAnnotation_Flag.Flag3" name="method1" time="0.004">
    <system-out>
      <![CDATA[Login Test Case!!]]>
    </system-out>
  </testcase> <!-- method1 -->
  <testcase classname="testNGAnnotation_Flag.Flag3" name="method1" time="0.001">
    <system-out>
      <![CDATA[Login Test Case!!]]>
    </system-out>
  </testcase> <!-- method1 -->
  <testcase classname="testNGAnnotation_Flag.Flag3" name="method1" time="0.000">
    <system-out>
      <![CDATA[Login Test Case!!]]>
    </system-out>
  </testcase> <!-- method1 -->
  <testcase classname="testNGAnnotation_Flag.Flag3" name="method1" time="0.001">
    <system-out>
      <![CDATA[Login Test Case!!]]>
    </system-out>
  </testcase> <!-- method1 -->
  <testcase classname="testNGAnnotation_Flag.Flag3" name="method1" time="0.000">
    <system-out>
      <![CDATA[Login Test Case!!]]>
    </system-out>
  </testcase> <!-- method1 -->
  <testcase classname="testNGAnnotation_Flag.Flag3" name="method1" time="0.000">
    <system-out>
      <![CDATA[Login Test Case!!]]>
    </system-out>
  </testcase> <!-- method1 -->
  <testcase classname="testNGAnnotation_Flag.Flag3" name="method1" time="0.001">
    <system-out>
      <![CDATA[Login Test Case!!]]>
    </system-out>
  </testcase> <!-- method1 -->
  <testcase classname="testNGAnnotation_Flag.Flag3" name="method1" time="0.001">
    <system-out>
      <![CDATA[Login Test Case!!]]>
    </system-out>
  </testcase> <!-- method1 -->
  <testcase classname="testNGAnnotation_Flag.Flag3" name="method1" time="0.000">
    <system-out>
      <![CDATA[Login Test Case!!]]>
    </system-out>
  </testcase> <!-- method1 -->
  <testcase classname="testNGAnnotation_Flag.Flag3" name="method1" time="0.001">
    <system-out>
      <![CDATA[Login Test Case!!]]>
    </system-out>
  </testcase> <!-- method1 -->
  <testcase classname="testNGAnnotation_Flag.Flag3" name="method1" time="0.001">
    <system-out>
      <![CDATA[Login Test Case!!]]>
    </system-out>
  </testcase> <!-- method1 -->
  <testcase classname="testNGAnnotation_Flag.Flag3" name="method1" time="0.003">
    <system-out>
      <![CDATA[Login Test Case!!]]>
    </system-out>
  </testcase> <!-- method1 -->
  <testcase classname="testNGAnnotation_Flag.Flag3" name="method1" time="0.001">
    <system-out>
      <![CDATA[Login Test Case!!]]>
    </system-out>
  </testcase> <!-- method1 -->
  <testcase classname="testNGAnnotation_Flag.Flag3" name="method1" time="0.005">
    <system-out>
      <![CDATA[Login Test Case!!]]>
    </system-out>
  </testcase> <!-- method1 -->
  <testcase classname="testNGAnnotation_Flag.Flag3" name="method1" time="0.001">
    <system-out>
      <![CDATA[Login Test Case!!]]>
    </system-out>
  </testcase> <!-- method1 -->
  <testcase classname="testNGAnnotation_Flag.Flag3" name="method1" time="0.000">
    <system-out>
      <![CDATA[Login Test Case!!]]>
    </system-out>
  </testcase> <!-- method1 -->
  <testcase classname="testNGAnnotation_Flag.Flag3" name="method1" time="0.000">
    <system-out>
      <![CDATA[Login Test Case!!]]>
    </system-out>
  </testcase> <!-- method1 -->
  <testcase classname="testNGAnnotation_Flag.Flag3" name="method1" time="0.066">
    <system-out>
      <![CDATA[Login Test Case!!]]>
    </system-out>
  </testcase> <!-- method1 -->
  <testcase classname="testNGAnnotation_Flag.Flag3" name="method1" time="0.001">
    <system-out>
      <![CDATA[Login Test Case!!]]>
    </system-out>
  </testcase> <!-- method1 -->
  <testcase classname="testNGAnnotation_Flag.Flag3" name="method1" time="0.001">
    <system-out>
      <![CDATA[Login Test Case!!]]>
    </system-out>
  </testcase> <!-- method1 -->
  <testcase classname="testNGAnnotation_Flag.Flag3" name="method1" time="0.000">
    <system-out>
      <![CDATA[Login Test Case!!]]>
    </system-out>
  </testcase> <!-- method1 -->
  <testcase classname="testNGAnnotation_Flag.Flag3" name="method1" time="0.000">
    <system-out>
      <![CDATA[Login Test Case!!]]>
    </system-out>
  </testcase> <!-- method1 -->
  <testcase classname="testNGAnnotation_Flag.Flag3" name="method1" time="0.001">
    <system-out>
      <![CDATA[Login Test Case!!]]>
    </system-out>
  </testcase> <!-- method1 -->
  <testcase classname="testNGAnnotation_Flag.Flag3" name="method1" time="0.000">
    <system-out>
      <![CDATA[Login Test Case!!]]>
    </system-out>
  </testcase> <!-- method1 -->
  <testcase classname="testNGAnnotation_Flag.Flag3" name="method1" time="0.004">
    <system-out>
      <![CDATA[Login Test Case!!]]>
    </system-out>
  </testcase> <!-- method1 -->
  <testcase classname="testNGAnnotation_Flag.Flag3" name="method1" time="0.000">
    <system-out>
      <![CDATA[Login Test Case!!]]>
    </system-out>
  </testcase> <!-- method1 -->
  <testcase classname="testNGAnnotation_Flag.Flag3" name="method1" time="0.001">
    <system-out>
      <![CDATA[Login Test Case!!]]>
    </system-out>
  </testcase> <!-- method1 -->
  <testcase classname="testNGAnnotation_Flag.Flag3" name="method1" time="0.001">
    <system-out>
      <![CDATA[Login Test Case!!]]>
    </system-out>
  </testcase> <!-- method1 -->
  <testcase classname="testNGAnnotation_Flag.Flag3" name="method1" time="0.001">
    <system-out>
      <![CDATA[Login Test Case!!]]>
    </system-out>
  </testcase> <!-- method1 -->
  <testcase classname="testNGAnnotation_Flag.Flag3" name="method1" time="0.000">
    <system-out>
      <![CDATA[Login Test Case!!]]>
    </system-out>
  </testcase> <!-- method1 -->
  <testcase classname="testNGAnnotation_Flag.Flag3" name="method1" time="0.001">
    <system-out>
      <![CDATA[Login Test Case!!]]>
    </system-out>
  </testcase> <!-- method1 -->
  <testcase classname="testNGAnnotation_Flag.Flag3" name="method1" time="0.001">
    <system-out>
      <![CDATA[Login Test Case!!]]>
    </system-out>
  </testcase> <!-- method1 -->
  <testcase classname="testNGAnnotation_Flag.Flag3" name="method1" time="0.001">
    <system-out>
      <![CDATA[Login Test Case!!]]>
    </system-out>
  </testcase> <!-- method1 -->
  <testcase classname="testNGAnnotation_Flag.Flag3" name="method1" time="0.001">
    <system-out>
      <![CDATA[Login Test Case!!]]>
    </system-out>
  </testcase> <!-- method1 -->
  <testcase classname="testNGAnnotation_Flag.Flag3" name="method1" time="0.001">
    <system-out>
      <![CDATA[Login Test Case!!]]>
    </system-out>
  </testcase> <!-- method1 -->
  <testcase classname="testNGAnnotation_Flag.Flag3" name="method1" time="0.004">
    <system-out>
      <![CDATA[Login Test Case!!]]>
    </system-out>
  </testcase> <!-- method1 -->
  <testcase classname="testNGAnnotation_Flag.Flag3" name="method1" time="0.000">
    <system-out>
      <![CDATA[Login Test Case!!]]>
    </system-out>
  </testcase> <!-- method1 -->
  <testcase classname="testNGAnnotation_Flag.Flag3" name="method1" time="0.001">
    <system-out>
      <![CDATA[Login Test Case!!]]>
    </system-out>
  </testcase> <!-- method1 -->
  <testcase classname="testNGAnnotation_Flag.Flag3" name="method1" time="0.000">
    <system-out>
      <![CDATA[Login Test Case!!]]>
    </system-out>
  </testcase> <!-- method1 -->
  <testcase classname="testNGAnnotation_Flag.Flag3" name="method1" time="0.004">
    <system-out>
      <![CDATA[Login Test Case!!]]>
    </system-out>
  </testcase> <!-- method1 -->
  <testcase classname="testNGAnnotation_Flag.Flag3" name="method1" time="0.000">
    <system-out>
      <![CDATA[Login Test Case!!]]>
    </system-out>
  </testcase> <!-- method1 -->
  <testcase classname="testNGAnnotation_Flag.Flag3" name="method1" time="0.000">
    <system-out>
      <![CDATA[Login Test Case!!]]>
    </system-out>
  </testcase> <!-- method1 -->
  <testcase classname="testNGAnnotation_Flag.Flag3" name="method1" time="0.001">
    <system-out>
      <![CDATA[Login Test Case!!]]>
    </system-out>
  </testcase> <!-- method1 -->
  <testcase classname="testNGAnnotation_Flag.Flag3" name="method1" time="0.001">
    <system-out>
      <![CDATA[Login Test Case!!]]>
    </system-out>
  </testcase> <!-- method1 -->
  <testcase classname="testNGAnnotation_Flag.Flag3" name="method1" time="0.002">
    <system-out>
      <![CDATA[Login Test Case!!]]>
    </system-out>
  </testcase> <!-- method1 -->
  <testcase classname="testNGAnnotation_Flag.Flag3" name="method1" time="0.000">
    <system-out>
      <![CDATA[Login Test Case!!]]>
    </system-out>
  </testcase> <!-- method1 -->
  <testcase classname="testNGAnnotation_Flag.Flag3" name="method1" time="0.000">
    <system-out>
      <![CDATA[Login Test Case!!]]>
    </system-out>
  </testcase> <!-- method1 -->
  <testcase classname="testNGAnnotation_Flag.Flag3" name="method1" time="0.001">
    <system-out>
      <![CDATA[Login Test Case!!]]>
    </system-out>
  </testcase> <!-- method1 -->
  <testcase classname="testNGAnnotation_Flag.Flag3" name="method1" time="0.000">
    <system-out>
      <![CDATA[Login Test Case!!]]>
    </system-out>
  </testcase> <!-- method1 -->
  <testcase classname="testNGAnnotation_Flag.Flag3" name="method1" time="0.001">
    <system-out>
      <![CDATA[Login Test Case!!]]>
    </system-out>
  </testcase> <!-- method1 -->
  <testcase classname="testNGAnnotation_Flag.Flag3" name="method1" time="0.004">
    <system-out>
      <![CDATA[Login Test Case!!]]>
    </system-out>
  </testcase> <!-- method1 -->
  <testcase classname="testNGAnnotation_Flag.Flag3" name="method1" time="0.000">
    <system-out>
      <![CDATA[Login Test Case!!]]>
    </system-out>
  </testcase> <!-- method1 -->
  <testcase classname="testNGAnnotation_Flag.Flag3" name="method1" time="0.000">
    <system-out>
      <![CDATA[Login Test Case!!]]>
    </system-out>
  </testcase> <!-- method1 -->
  <testcase classname="testNGAnnotation_Flag.Flag3" name="method1" time="0.000">
    <system-out>
      <![CDATA[Login Test Case!!]]>
    </system-out>
  </testcase> <!-- method1 -->
  <testcase classname="testNGAnnotation_Flag.Flag3" name="method1" time="0.001">
    <system-out>
      <![CDATA[Login Test Case!!]]>
    </system-out>
  </testcase> <!-- method1 -->
  <testcase classname="testNGAnnotation_Flag.Flag3" name="method1" time="0.002">
    <system-out>
      <![CDATA[Login Test Case!!]]>
    </system-out>
  </testcase> <!-- method1 -->
  <testcase classname="testNGAnnotation_Flag.Flag3" name="method1" time="0.000">
    <system-out>
      <![CDATA[Login Test Case!!]]>
    </system-out>
  </testcase> <!-- method1 -->
  <testcase classname="testNGAnnotation_Flag.Flag3" name="method1" time="0.000">
    <system-out>
      <![CDATA[Login Test Case!!]]>
    </system-out>
  </testcase> <!-- method1 -->
  <testcase classname="testNGAnnotation_Flag.Flag3" name="method1" time="0.000">
    <system-out>
      <![CDATA[Login Test Case!!]]>
    </system-out>
  </testcase> <!-- method1 -->
  <testcase classname="testNGAnnotation_Flag.Flag3" name="method1" time="0.001">
    <system-out>
      <![CDATA[Login Test Case!!]]>
    </system-out>
  </testcase> <!-- method1 -->
  <testcase classname="testNGAnnotation_Flag.Flag3" name="method1" time="0.001">
    <system-out>
      <![CDATA[Login Test Case!!]]>
    </system-out>
  </testcase> <!-- method1 -->
  <testcase classname="testNGAnnotation_Flag.Flag3" name="method1" time="0.001">
    <system-out>
      <![CDATA[Login Test Case!!]]>
    </system-out>
  </testcase> <!-- method1 -->
  <testcase classname="testNGAnnotation_Flag.Flag3" name="method1" time="0.029">
    <system-out>
      <![CDATA[Login Test Case!!]]>
    </system-out>
  </testcase> <!-- method1 -->
  <testcase classname="testNGAnnotation_Flag.Flag3" name="method1" time="0.001">
    <system-out>
      <![CDATA[Login Test Case!!]]>
    </system-out>
  </testcase> <!-- method1 -->
  <testcase classname="testNGAnnotation_Flag.Flag3" name="method1" time="0.000">
    <system-out>
      <![CDATA[Login Test Case!!]]>
    </system-out>
  </testcase> <!-- method1 -->
  <testcase classname="testNGAnnotation_Flag.Flag3" name="method1" time="0.005">
    <system-out>
      <![CDATA[Login Test Case!!]]>
    </system-out>
  </testcase> <!-- method1 -->
  <testcase classname="testNGAnnotation_Flag.Flag3" name="method1" time="0.000">
    <system-out>
      <![CDATA[Login Test Case!!]]>
    </system-out>
  </testcase> <!-- method1 -->
  <testcase classname="testNGAnnotation_Flag.Flag3" name="method1" time="0.001">
    <system-out>
      <![CDATA[Login Test Case!!]]>
    </system-out>
  </testcase> <!-- method1 -->
  <testcase classname="testNGAnnotation_Flag.Flag3" name="method1" time="0.004">
    <system-out>
      <![CDATA[Login Test Case!!]]>
    </system-out>
  </testcase> <!-- method1 -->
  <testcase classname="testNGAnnotation_Flag.Flag3" name="method1" time="0.000">
    <system-out>
      <![CDATA[Login Test Case!!]]>
    </system-out>
  </testcase> <!-- method1 -->
  <testcase classname="testNGAnnotation_Flag.Flag3" name="method1" time="0.001">
    <system-out>
      <![CDATA[Login Test Case!!]]>
    </system-out>
  </testcase> <!-- method1 -->
  <testcase classname="testNGAnnotation_Flag.Flag3" name="method1" time="0.001">
    <system-out>
      <![CDATA[Login Test Case!!]]>
    </system-out>
  </testcase> <!-- method1 -->
  <testcase classname="testNGAnnotation_Flag.Flag3" name="method1" time="0.001">
    <system-out>
      <![CDATA[Login Test Case!!]]>
    </system-out>
  </testcase> <!-- method1 -->
  <testcase classname="testNGAnnotation_Flag.Flag3" name="method1" time="0.001">
    <system-out>
      <![CDATA[Login Test Case!!]]>
    </system-out>
  </testcase> <!-- method1 -->
  <testcase classname="testNGAnnotation_Flag.Flag3" name="method1" time="0.004">
    <system-out>
      <![CDATA[Login Test Case!!]]>
    </system-out>
  </testcase> <!-- method1 -->
  <testcase classname="testNGAnnotation_Flag.Flag3" name="method1" time="0.002">
    <system-out>
      <![CDATA[Login Test Case!!]]>
    </system-out>
  </testcase> <!-- method1 -->
  <testcase classname="testNGAnnotation_Flag.Flag3" name="method1" time="0.001">
    <system-out>
      <![CDATA[Login Test Case!!]]>
    </system-out>
  </testcase> <!-- method1 -->
  <testcase classname="testNGAnnotation_Flag.Flag3" name="method1" time="0.002">
    <system-out>
      <![CDATA[Login Test Case!!]]>
    </system-out>
  </testcase> <!-- method1 -->
  <testcase classname="testNGAnnotation_Flag.Flag3" name="method1" time="0.000">
    <system-out>
      <![CDATA[Login Test Case!!]]>
    </system-out>
  </testcase> <!-- method1 -->
  <testcase classname="testNGAnnotation_Flag.Flag3" name="method1" time="0.001">
    <system-out>
      <![CDATA[Login Test Case!!]]>
    </system-out>
  </testcase> <!-- method1 -->
  <testcase classname="testNGAnnotation_Flag.Flag3" name="method1" time="0.001">
    <system-out>
      <![CDATA[Login Test Case!!]]>
    </system-out>
  </testcase> <!-- method1 -->
  <testcase classname="testNGAnnotation_Flag.Flag3" name="method1" time="0.000">
    <system-out>
      <![CDATA[Login Test Case!!]]>
    </system-out>
  </testcase> <!-- method1 -->
  <testcase classname="testNGAnnotation_Flag.Flag3" name="method1" time="0.001">
    <system-out>
      <![CDATA[Login Test Case!!]]>
    </system-out>
  </testcase> <!-- method1 -->
  <testcase classname="testNGAnnotation_Flag.Flag3" name="method1" time="0.000">
    <system-out>
      <![CDATA[Login Test Case!!]]>
    </system-out>
  </testcase> <!-- method1 -->
  <testcase classname="testNGAnnotation_Flag.Flag3" name="method1" time="0.000">
    <system-out>
      <![CDATA[Login Test Case!!]]>
    </system-out>
  </testcase> <!-- method1 -->
  <testcase classname="testNGAnnotation_Flag.Flag3" name="method1" time="0.001">
    <system-out>
      <![CDATA[Login Test Case!!]]>
    </system-out>
  </testcase> <!-- method1 -->
  <testcase classname="testNGAnnotation_Flag.Flag3" name="method1" time="0.001">
    <system-out>
      <![CDATA[Login Test Case!!]]>
    </system-out>
  </testcase> <!-- method1 -->
  <testcase classname="testNGAnnotation_Flag.Flag3" name="method1" time="0.004">
    <system-out>
      <![CDATA[Login Test Case!!]]>
    </system-out>
  </testcase> <!-- method1 -->
  <testcase classname="testNGAnnotation_Flag.Flag3" name="method1" time="0.001">
    <system-out>
      <![CDATA[Login Test Case!!]]>
    </system-out>
  </testcase> <!-- method1 -->
  <testcase classname="testNGAnnotation_Flag.Flag3" name="method1" time="0.001">
    <system-out>
      <![CDATA[Login Test Case!!]]>
    </system-out>
  </testcase> <!-- method1 -->
  <testcase classname="testNGAnnotation_Flag.Flag3" name="method1" time="0.000">
    <system-out>
      <![CDATA[Login Test Case!!]]>
    </system-out>
  </testcase> <!-- method1 -->
  <testcase classname="testNGAnnotation_Flag.Flag3" name="method1" time="0.001">
    <system-out>
      <![CDATA[Login Test Case!!]]>
    </system-out>
  </testcase> <!-- method1 -->
  <testcase classname="testNGAnnotation_Flag.Flag3" name="method1" time="0.003">
    <system-out>
      <![CDATA[Login Test Case!!]]>
    </system-out>
  </testcase> <!-- method1 -->
  <testcase classname="testNGAnnotation_Flag.Flag3" name="method1" time="0.000">
    <system-out>
      <![CDATA[Login Test Case!!]]>
    </system-out>
  </testcase> <!-- method1 -->
  <testcase classname="testNGAnnotation_Flag.Flag3" name="method1" time="0.001">
    <system-out>
      <![CDATA[Login Test Case!!]]>
    </system-out>
  </testcase> <!-- method1 -->
  <testcase classname="testNGAnnotation_Flag.Flag3" name="method1" time="0.000">
    <system-out>
      <![CDATA[Login Test Case!!]]>
    </system-out>
  </testcase> <!-- method1 -->
  <testcase classname="testNGAnnotation_Flag.Flag3" name="method1" time="0.001">
    <system-out>
      <![CDATA[Login Test Case!!]]>
    </system-out>
  </testcase> <!-- method1 -->
  <testcase classname="testNGAnnotation_Flag.Flag3" name="method1" time="0.000">
    <system-out>
      <![CDATA[Login Test Case!!]]>
    </system-out>
  </testcase> <!-- method1 -->
  <testcase classname="testNGAnnotation_Flag.Flag3" name="method1" time="0.001">
    <system-out>
      <![CDATA[Login Test Case!!]]>
    </system-out>
  </testcase> <!-- method1 -->
  <testcase classname="testNGAnnotation_Flag.Flag3" name="method1" time="0.005">
    <system-out>
      <![CDATA[Login Test Case!!]]>
    </system-out>
  </testcase> <!-- method1 -->
  <testcase classname="testNGAnnotation_Flag.Flag3" name="method1" time="0.002">
    <system-out>
      <![CDATA[Login Test Case!!]]>
    </system-out>
  </testcase> <!-- method1 -->
  <testcase classname="testNGAnnotation_Flag.Flag3" name="method1" time="0.002">
    <system-out>
      <![CDATA[Login Test Case!!]]>
    </system-out>
  </testcase> <!-- method1 -->
  <testcase classname="testNGAnnotation_Flag.Flag3" name="method1" time="0.000">
    <system-out>
      <![CDATA[Login Test Case!!]]>
    </system-out>
  </testcase> <!-- method1 -->
  <testcase classname="testNGAnnotation_Flag.Flag3" name="method1" time="0.000">
    <system-out>
      <![CDATA[Login Test Case!!]]>
    </system-out>
  </testcase> <!-- method1 -->
  <testcase classname="testNGAnnotation_Flag.Flag3" name="method1" time="0.001">
    <system-out>
      <![CDATA[Login Test Case!!]]>
    </system-out>
  </testcase> <!-- method1 -->
  <testcase classname="testNGAnnotation_Flag.Flag3" name="method1" time="0.001">
    <system-out>
      <![CDATA[Login Test Case!!]]>
    </system-out>
  </testcase> <!-- method1 -->
  <testcase classname="testNGAnnotation_Flag.Flag3" name="method1" time="0.001">
    <system-out>
      <![CDATA[Login Test Case!!]]>
    </system-out>
  </testcase> <!-- method1 -->
  <testcase classname="testNGAnnotation_Flag.Flag3" name="method1" time="0.001">
    <system-out>
      <![CDATA[Login Test Case!!]]>
    </system-out>
  </testcase> <!-- method1 -->
  <testcase classname="testNGAnnotation_Flag.Flag3" name="method1" time="0.001">
    <system-out>
      <![CDATA[Login Test Case!!]]>
    </system-out>
  </testcase> <!-- method1 -->
  <testcase classname="testNGAnnotation_Flag.Flag3" name="method1" time="0.000">
    <system-out>
      <![CDATA[Login Test Case!!]]>
    </system-out>
  </testcase> <!-- method1 -->
  <testcase classname="testNGAnnotation_Flag.Flag3" name="method1" time="0.000">
    <system-out>
      <![CDATA[Login Test Case!!]]>
    </system-out>
  </testcase> <!-- method1 -->
  <testcase classname="testNGAnnotation_Flag.Flag3" name="method1" time="0.000">
    <system-out>
      <![CDATA[Login Test Case!!]]>
    </system-out>
  </testcase> <!-- method1 -->
  <testcase classname="testNGAnnotation_Flag.Flag3" name="method1" time="0.005">
    <system-out>
      <![CDATA[Login Test Case!!]]>
    </system-out>
  </testcase> <!-- method1 -->
  <testcase classname="testNGAnnotation_Flag.Flag3" name="method1" time="0.001">
    <system-out>
      <![CDATA[Login Test Case!!]]>
    </system-out>
  </testcase> <!-- method1 -->
  <testcase classname="testNGAnnotation_Flag.Flag3" name="method1" time="0.001">
    <system-out>
      <![CDATA[Login Test Case!!]]>
    </system-out>
  </testcase> <!-- method1 -->
  <testcase classname="testNGAnnotation_Flag.Flag3" name="method1" time="0.002">
    <system-out>
      <![CDATA[Login Test Case!!]]>
    </system-out>
  </testcase> <!-- method1 -->
  <testcase classname="testNGAnnotation_Flag.Flag3" name="method1" time="0.001">
    <system-out>
      <![CDATA[Login Test Case!!]]>
    </system-out>
  </testcase> <!-- method1 -->
  <testcase classname="testNGAnnotation_Flag.Flag3" name="method1" time="0.001">
    <system-out>
      <![CDATA[Login Test Case!!]]>
    </system-out>
  </testcase> <!-- method1 -->
  <testcase classname="testNGAnnotation_Flag.Flag3" name="method1" time="0.001">
    <system-out>
      <![CDATA[Login Test Case!!]]>
    </system-out>
  </testcase> <!-- method1 -->
  <testcase classname="testNGAnnotation_Flag.Flag3" name="method1" time="0.001">
    <system-out>
      <![CDATA[Login Test Case!!]]>
    </system-out>
  </testcase> <!-- method1 -->
  <testcase classname="testNGAnnotation_Flag.Flag3" name="method1" time="0.003">
    <system-out>
      <![CDATA[Login Test Case!!]]>
    </system-out>
  </testcase> <!-- method1 -->
  <testcase classname="testNGAnnotation_Flag.Flag3" name="method1" time="0.001">
    <system-out>
      <![CDATA[Login Test Case!!]]>
    </system-out>
  </testcase> <!-- method1 -->
  <testcase classname="testNGAnnotation_Flag.Flag3" name="method1" time="0.002">
    <system-out>
      <![CDATA[Login Test Case!!]]>
    </system-out>
  </testcase> <!-- method1 -->
  <testcase classname="testNGAnnotation_Flag.Flag3" name="method1" time="0.000">
    <system-out>
      <![CDATA[Login Test Case!!]]>
    </system-out>
  </testcase> <!-- method1 -->
  <testcase classname="testNGAnnotation_Flag.Flag3" name="method1" time="0.001">
    <system-out>
      <![CDATA[Login Test Case!!]]>
    </system-out>
  </testcase> <!-- method1 -->
  <testcase classname="testNGAnnotation_Flag.Flag3" name="method1" time="0.000">
    <system-out>
      <![CDATA[Login Test Case!!]]>
    </system-out>
  </testcase> <!-- method1 -->
  <testcase classname="testNGAnnotation_Flag.Flag3" name="method1" time="0.000">
    <system-out>
      <![CDATA[Login Test Case!!]]>
    </system-out>
  </testcase> <!-- method1 -->
  <testcase classname="testNGAnnotation_Flag.Flag3" name="method1" time="0.002">
    <system-out>
      <![CDATA[Login Test Case!!]]>
    </system-out>
  </testcase> <!-- method1 -->
  <testcase classname="testNGAnnotation_Flag.Flag3" name="method1" time="0.000">
    <system-out>
      <![CDATA[Login Test Case!!]]>
    </system-out>
  </testcase> <!-- method1 -->
  <testcase classname="testNGAnnotation_Flag.Flag3" name="method1" time="0.000">
    <system-out>
      <![CDATA[Login Test Case!!]]>
    </system-out>
  </testcase> <!-- method1 -->
  <testcase classname="testNGAnnotation_Flag.Flag3" name="method1" time="0.001">
    <system-out>
      <![CDATA[Login Test Case!!]]>
    </system-out>
  </testcase> <!-- method1 -->
  <testcase classname="testNGAnnotation_Flag.Flag3" name="method1" time="0.027">
    <system-out>
      <![CDATA[Login Test Case!!]]>
    </system-out>
  </testcase> <!-- method1 -->
  <testcase classname="testNGAnnotation_Flag.Flag3" name="method1" time="0.000">
    <system-out>
      <![CDATA[Login Test Case!!]]>
    </system-out>
  </testcase> <!-- method1 -->
  <testcase classname="testNGAnnotation_Flag.Flag3" name="method1" time="0.000">
    <system-out>
      <![CDATA[Login Test Case!!]]>
    </system-out>
  </testcase> <!-- method1 -->
  <testcase classname="testNGAnnotation_Flag.Flag3" name="method1" time="0.000">
    <system-out>
      <![CDATA[Login Test Case!!]]>
    </system-out>
  </testcase> <!-- method1 -->
  <testcase classname="testNGAnnotation_Flag.Flag3" name="method1" time="0.010">
    <system-out>
      <![CDATA[Login Test Case!!]]>
    </system-out>
  </testcase> <!-- method1 -->
  <testcase classname="testNGAnnotation_Flag.Flag3" name="method1" time="0.009">
    <system-out>
      <![CDATA[Login Test Case!!]]>
    </system-out>
  </testcase> <!-- method1 -->
  <testcase classname="testNGAnnotation_Flag.Flag3" name="method1" time="0.000">
    <system-out>
      <![CDATA[Login Test Case!!]]>
    </system-out>
  </testcase> <!-- method1 -->
  <testcase classname="testNGAnnotation_Flag.Flag3" name="method1" time="0.000">
    <system-out>
      <![CDATA[Login Test Case!!]]>
    </system-out>
  </testcase> <!-- method1 -->
  <testcase classname="testNGAnnotation_Flag.Flag3" name="method1" time="0.003">
    <system-out>
      <![CDATA[Login Test Case!!]]>
    </system-out>
  </testcase> <!-- method1 -->
  <testcase classname="testNGAnnotation_Flag.Flag3" name="method1" time="0.004">
    <system-out>
      <![CDATA[Login Test Case!!]]>
    </system-out>
  </testcase> <!-- method1 -->
  <testcase classname="testNGAnnotation_Flag.Flag3" name="method1" time="0.001">
    <system-out>
      <![CDATA[Login Test Case!!]]>
    </system-out>
  </testcase> <!-- method1 -->
  <testcase classname="testNGAnnotation_Flag.Flag3" name="method1" time="0.001">
    <system-out>
      <![CDATA[Login Test Case!!]]>
    </system-out>
  </testcase> <!-- method1 -->
  <testcase classname="testNGAnnotation_Flag.Flag3" name="method1" time="0.009">
    <system-out>
      <![CDATA[Login Test Case!!]]>
    </system-out>
  </testcase> <!-- method1 -->
  <testcase classname="testNGAnnotation_Flag.Flag3" name="method1" time="0.001">
    <system-out>
      <![CDATA[Login Test Case!!]]>
    </system-out>
  </testcase> <!-- method1 -->
  <testcase classname="testNGAnnotation_Flag.Flag3" name="method1" time="0.001">
    <system-out>
      <![CDATA[Login Test Case!!]]>
    </system-out>
  </testcase> <!-- method1 -->
  <testcase classname="testNGAnnotation_Flag.Flag3" name="method1" time="0.001">
    <system-out>
      <![CDATA[Login Test Case!!]]>
    </system-out>
  </testcase> <!-- method1 -->
  <testcase classname="testNGAnnotation_Flag.Flag3" name="method1" time="0.001">
    <system-out>
      <![CDATA[Login Test Case!!]]>
    </system-out>
  </testcase> <!-- method1 -->
  <testcase classname="testNGAnnotation_Flag.Flag3" name="method1" time="0.000">
    <system-out>
      <![CDATA[Login Test Case!!]]>
    </system-out>
  </testcase> <!-- method1 -->
  <testcase classname="testNGAnnotation_Flag.Flag3" name="method1" time="0.001">
    <system-out>
      <![CDATA[Login Test Case!!]]>
    </system-out>
  </testcase> <!-- method1 -->
  <testcase classname="testNGAnnotation_Flag.Flag3" name="method1" time="0.001">
    <system-out>
      <![CDATA[Login Test Case!!]]>
    </system-out>
  </testcase> <!-- method1 -->
  <testcase classname="testNGAnnotation_Flag.Flag3" name="method1" time="0.002">
    <system-out>
      <![CDATA[Login Test Case!!]]>
    </system-out>
  </testcase> <!-- method1 -->
  <testcase classname="testNGAnnotation_Flag.Flag3" name="method1" time="0.000">
    <system-out>
      <![CDATA[Login Test Case!!]]>
    </system-out>
  </testcase> <!-- method1 -->
  <testcase classname="testNGAnnotation_Flag.Flag3" name="method1" time="0.001">
    <system-out>
      <![CDATA[Login Test Case!!]]>
    </system-out>
  </testcase> <!-- method1 -->
  <testcase classname="testNGAnnotation_Flag.Flag3" name="method1" time="0.000">
    <system-out>
      <![CDATA[Login Test Case!!]]>
    </system-out>
  </testcase> <!-- method1 -->
  <testcase classname="testNGAnnotation_Flag.Flag3" name="method1" time="0.000">
    <system-out>
      <![CDATA[Login Test Case!!]]>
    </system-out>
  </testcase> <!-- method1 -->
  <testcase classname="testNGAnnotation_Flag.Flag3" name="method1" time="0.001">
    <system-out>
      <![CDATA[Login Test Case!!]]>
    </system-out>
  </testcase> <!-- method1 -->
  <testcase classname="testNGAnnotation_Flag.Flag3" name="method1" time="0.000">
    <system-out>
      <![CDATA[Login Test Case!!]]>
    </system-out>
  </testcase> <!-- method1 -->
  <testcase classname="testNGAnnotation_Flag.Flag3" name="method1" time="0.003">
    <system-out>
      <![CDATA[Login Test Case!!]]>
    </system-out>
  </testcase> <!-- method1 -->
  <testcase classname="testNGAnnotation_Flag.Flag3" name="method1" time="0.000">
    <system-out>
      <![CDATA[Login Test Case!!]]>
    </system-out>
  </testcase> <!-- method1 -->
  <testcase classname="testNGAnnotation_Flag.Flag3" name="method1" time="0.001">
    <system-out>
      <![CDATA[Login Test Case!!]]>
    </system-out>
  </testcase> <!-- method1 -->
  <testcase classname="testNGAnnotation_Flag.Flag3" name="method1" time="0.120">
    <system-out>
      <![CDATA[Login Test Case!!]]>
    </system-out>
  </testcase> <!-- method1 -->
  <testcase classname="testNGAnnotation_Flag.Flag3" name="method1" time="0.001">
    <system-out>
      <![CDATA[Login Test Case!!]]>
    </system-out>
  </testcase> <!-- method1 -->
  <testcase classname="testNGAnnotation_Flag.Flag3" name="method1" time="0.001">
    <system-out>
      <![CDATA[Login Test Case!!]]>
    </system-out>
  </testcase> <!-- method1 -->
  <testcase classname="testNGAnnotation_Flag.Flag3" name="method1" time="0.000">
    <system-out>
      <![CDATA[Login Test Case!!]]>
    </system-out>
  </testcase> <!-- method1 -->
  <testcase classname="testNGAnnotation_Flag.Flag3" name="method1" time="0.001">
    <system-out>
      <![CDATA[Login Test Case!!]]>
    </system-out>
  </testcase> <!-- method1 -->
  <testcase classname="testNGAnnotation_Flag.Flag3" name="method1" time="0.000">
    <system-out>
      <![CDATA[Login Test Case!!]]>
    </system-out>
  </testcase> <!-- method1 -->
  <testcase classname="testNGAnnotation_Flag.Flag3" name="method1" time="0.000">
    <system-out>
      <![CDATA[Login Test Case!!]]>
    </system-out>
  </testcase> <!-- method1 -->
  <testcase classname="testNGAnnotation_Flag.Flag3" name="method1" time="0.002">
    <system-out>
      <![CDATA[Login Test Case!!]]>
    </system-out>
  </testcase> <!-- method1 -->
  <testcase classname="testNGAnnotation_Flag.Flag3" name="method1" time="0.004">
    <system-out>
      <![CDATA[Login Test Case!!]]>
    </system-out>
  </testcase> <!-- method1 -->
  <testcase classname="testNGAnnotation_Flag.Flag3" name="method1" time="0.001">
    <system-out>
      <![CDATA[Login Test Case!!]]>
    </system-out>
  </testcase> <!-- method1 -->
  <testcase classname="testNGAnnotation_Flag.Flag3" name="method1" time="0.003">
    <system-out>
      <![CDATA[Login Test Case!!]]>
    </system-out>
  </testcase> <!-- method1 -->
  <testcase classname="testNGAnnotation_Flag.Flag3" name="method1" time="0.001">
    <system-out>
      <![CDATA[Login Test Case!!]]>
    </system-out>
  </testcase> <!-- method1 -->
  <testcase classname="testNGAnnotation_Flag.Flag3" name="method1" time="0.001">
    <system-out>
      <![CDATA[Login Test Case!!]]>
    </system-out>
  </testcase> <!-- method1 -->
  <testcase classname="testNGAnnotation_Flag.Flag3" name="method1" time="0.000">
    <system-out>
      <![CDATA[Login Test Case!!]]>
    </system-out>
  </testcase> <!-- method1 -->
  <testcase classname="testNGAnnotation_Flag.Flag3" name="method1" time="0.000">
    <system-out>
      <![CDATA[Login Test Case!!]]>
    </system-out>
  </testcase> <!-- method1 -->
  <testcase classname="testNGAnnotation_Flag.Flag3" name="method1" time="0.001">
    <system-out>
      <![CDATA[Login Test Case!!]]>
    </system-out>
  </testcase> <!-- method1 -->
  <testcase classname="testNGAnnotation_Flag.Flag3" name="method1" time="0.000">
    <system-out>
      <![CDATA[Login Test Case!!]]>
    </system-out>
  </testcase> <!-- method1 -->
  <testcase classname="testNGAnnotation_Flag.Flag3" name="method1" time="0.000">
    <system-out>
      <![CDATA[Login Test Case!!]]>
    </system-out>
  </testcase> <!-- method1 -->
  <testcase classname="testNGAnnotation_Flag.Flag3" name="method1" time="0.007">
    <system-out>
      <![CDATA[Login Test Case!!]]>
    </system-out>
  </testcase> <!-- method1 -->
  <testcase classname="testNGAnnotation_Flag.Flag3" name="method1" time="0.000">
    <system-out>
      <![CDATA[Login Test Case!!]]>
    </system-out>
  </testcase> <!-- method1 -->
  <testcase classname="testNGAnnotation_Flag.Flag3" name="method1" time="0.001">
    <system-out>
      <![CDATA[Login Test Case!!]]>
    </system-out>
  </testcase> <!-- method1 -->
  <testcase classname="testNGAnnotation_Flag.Flag3" name="method1" time="0.000">
    <system-out>
      <![CDATA[Login Test Case!!]]>
    </system-out>
  </testcase> <!-- method1 -->
  <testcase classname="testNGAnnotation_Flag.Flag3" name="method1" time="0.000">
    <system-out>
      <![CDATA[Login Test Case!!]]>
    </system-out>
  </testcase> <!-- method1 -->
  <testcase classname="testNGAnnotation_Flag.Flag3" name="method1" time="0.000">
    <system-out>
      <![CDATA[Login Test Case!!]]>
    </system-out>
  </testcase> <!-- method1 -->
  <testcase classname="testNGAnnotation_Flag.Flag3" name="method1" time="0.000">
    <system-out>
      <![CDATA[Login Test Case!!]]>
    </system-out>
  </testcase> <!-- method1 -->
  <testcase classname="testNGAnnotation_Flag.Flag3" name="method1" time="0.001">
    <system-out>
      <![CDATA[Login Test Case!!]]>
    </system-out>
  </testcase> <!-- method1 -->
  <testcase classname="testNGAnnotation_Flag.Flag3" name="method1" time="0.000">
    <system-out>
      <![CDATA[Login Test Case!!]]>
    </system-out>
  </testcase> <!-- method1 -->
  <testcase classname="testNGAnnotation_Flag.Flag3" name="method1" time="0.001">
    <system-out>
      <![CDATA[Login Test Case!!]]>
    </system-out>
  </testcase> <!-- method1 -->
  <testcase classname="testNGAnnotation_Flag.Flag3" name="method1" time="0.000">
    <system-out>
      <![CDATA[Login Test Case!!]]>
    </system-out>
  </testcase> <!-- method1 -->
  <testcase classname="testNGAnnotation_Flag.Flag3" name="method1" time="0.001">
    <system-out>
      <![CDATA[Login Test Case!!]]>
    </system-out>
  </testcase> <!-- method1 -->
  <testcase classname="testNGAnnotation_Flag.Flag3" name="method1" time="0.000">
    <system-out>
      <![CDATA[Login Test Case!!]]>
    </system-out>
  </testcase> <!-- method1 -->
  <testcase classname="testNGAnnotation_Flag.Flag3" name="method1" time="0.000">
    <system-out>
      <![CDATA[Login Test Case!!]]>
    </system-out>
  </testcase> <!-- method1 -->
  <testcase classname="testNGAnnotation_Flag.Flag3" name="method1" time="0.000">
    <system-out>
      <![CDATA[Login Test Case!!]]>
    </system-out>
  </testcase> <!-- method1 -->
  <testcase classname="testNGAnnotation_Flag.Flag3" name="method1" time="0.002">
    <system-out>
      <![CDATA[Login Test Case!!]]>
    </system-out>
  </testcase> <!-- method1 -->
  <testcase classname="testNGAnnotation_Flag.Flag3" name="method1" time="0.002">
    <system-out>
      <![CDATA[Login Test Case!!]]>
    </system-out>
  </testcase> <!-- method1 -->
  <testcase classname="testNGAnnotation_Flag.Flag3" name="method1" time="0.001">
    <system-out>
      <![CDATA[Login Test Case!!]]>
    </system-out>
  </testcase> <!-- method1 -->
  <testcase classname="testNGAnnotation_Flag.Flag3" name="method1" time="0.002">
    <system-out>
      <![CDATA[Login Test Case!!]]>
    </system-out>
  </testcase> <!-- method1 -->
  <testcase classname="testNGAnnotation_Flag.Flag3" name="method1" time="0.000">
    <system-out>
      <![CDATA[Login Test Case!!]]>
    </system-out>
  </testcase> <!-- method1 -->
  <testcase classname="testNGAnnotation_Flag.Flag3" name="method1" time="0.000">
    <system-out>
      <![CDATA[Login Test Case!!]]>
    </system-out>
  </testcase> <!-- method1 -->
  <testcase classname="testNGAnnotation_Flag.Flag3" name="method1" time="0.001">
    <system-out>
      <![CDATA[Login Test Case!!]]>
    </system-out>
  </testcase> <!-- method1 -->
  <testcase classname="testNGAnnotation_Flag.Flag3" name="method1" time="0.001">
    <system-out>
      <![CDATA[Login Test Case!!]]>
    </system-out>
  </testcase> <!-- method1 -->
  <testcase classname="testNGAnnotation_Flag.Flag3" name="method1" time="0.001">
    <system-out>
      <![CDATA[Login Test Case!!]]>
    </system-out>
  </testcase> <!-- method1 -->
  <testcase classname="testNGAnnotation_Flag.Flag3" name="method1" time="0.001">
    <system-out>
      <![CDATA[Login Test Case!!]]>
    </system-out>
  </testcase> <!-- method1 -->
  <testcase classname="testNGAnnotation_Flag.Flag3" name="method1" time="0.000">
    <system-out>
      <![CDATA[Login Test Case!!]]>
    </system-out>
  </testcase> <!-- method1 -->
  <testcase classname="testNGAnnotation_Flag.Flag3" name="method1" time="0.000">
    <system-out>
      <![CDATA[Login Test Case!!]]>
    </system-out>
  </testcase> <!-- method1 -->
  <testcase classname="testNGAnnotation_Flag.Flag3" name="method1" time="0.000">
    <system-out>
      <![CDATA[Login Test Case!!]]>
    </system-out>
  </testcase> <!-- method1 -->
  <testcase classname="testNGAnnotation_Flag.Flag3" name="method1" time="0.000">
    <system-out>
      <![CDATA[Login Test Case!!]]>
    </system-out>
  </testcase> <!-- method1 -->
  <testcase classname="testNGAnnotation_Flag.Flag3" name="method1" time="0.003">
    <system-out>
      <![CDATA[Login Test Case!!]]>
    </system-out>
  </testcase> <!-- method1 -->
  <testcase classname="testNGAnnotation_Flag.Flag3" name="method1" time="0.001">
    <system-out>
      <![CDATA[Login Test Case!!]]>
    </system-out>
  </testcase> <!-- method1 -->
  <testcase classname="testNGAnnotation_Flag.Flag3" name="method1" time="0.004">
    <system-out>
      <![CDATA[Login Test Case!!]]>
    </system-out>
  </testcase> <!-- method1 -->
  <testcase classname="testNGAnnotation_Flag.Flag3" name="method1" time="0.009">
    <system-out>
      <![CDATA[Login Test Case!!]]>
    </system-out>
  </testcase> <!-- method1 -->
  <testcase classname="testNGAnnotation_Flag.Flag3" name="method1" time="0.004">
    <system-out>
      <![CDATA[Login Test Case!!]]>
    </system-out>
  </testcase> <!-- method1 -->
  <testcase classname="testNGAnnotation_Flag.Flag3" name="method1" time="0.001">
    <system-out>
      <![CDATA[Login Test Case!!]]>
    </system-out>
  </testcase> <!-- method1 -->
  <testcase classname="testNGAnnotation_Flag.Flag3" name="method1" time="0.002">
    <system-out>
      <![CDATA[Login Test Case!!]]>
    </system-out>
  </testcase> <!-- method1 -->
  <testcase classname="testNGAnnotation_Flag.Flag3" name="method1" time="0.001">
    <system-out>
      <![CDATA[Login Test Case!!]]>
    </system-out>
  </testcase> <!-- method1 -->
  <testcase classname="testNGAnnotation_Flag.Flag3" name="method1" time="0.000">
    <system-out>
      <![CDATA[Login Test Case!!]]>
    </system-out>
  </testcase> <!-- method1 -->
  <testcase classname="testNGAnnotation_Flag.Flag3" name="method1" time="0.005">
    <system-out>
      <![CDATA[Login Test Case!!]]>
    </system-out>
  </testcase> <!-- method1 -->
  <testcase classname="testNGAnnotation_Flag.Flag3" name="method1" time="0.001">
    <system-out>
      <![CDATA[Login Test Case!!]]>
    </system-out>
  </testcase> <!-- method1 -->
  <testcase classname="testNGAnnotation_Flag.Flag3" name="method1" time="0.000">
    <system-out>
      <![CDATA[Login Test Case!!]]>
    </system-out>
  </testcase> <!-- method1 -->
  <testcase classname="testNGAnnotation_Flag.Flag3" name="method1" time="0.002">
    <system-out>
      <![CDATA[Login Test Case!!]]>
    </system-out>
  </testcase> <!-- method1 -->
  <testcase classname="testNGAnnotation_Flag.Flag3" name="method1" time="0.001">
    <system-out>
      <![CDATA[Login Test Case!!]]>
    </system-out>
  </testcase> <!-- method1 -->
  <testcase classname="testNGAnnotation_Flag.Flag3" name="method1" time="0.001">
    <system-out>
      <![CDATA[Login Test Case!!]]>
    </system-out>
  </testcase> <!-- method1 -->
  <testcase classname="testNGAnnotation_Flag.Flag3" name="method1" time="0.000">
    <system-out>
      <![CDATA[Login Test Case!!]]>
    </system-out>
  </testcase> <!-- method1 -->
  <testcase classname="testNGAnnotation_Flag.Flag3" name="method1" time="0.002">
    <system-out>
      <![CDATA[Login Test Case!!]]>
    </system-out>
  </testcase> <!-- method1 -->
  <testcase classname="testNGAnnotation_Flag.Flag3" name="method1" time="0.001">
    <system-out>
      <![CDATA[Login Test Case!!]]>
    </system-out>
  </testcase> <!-- method1 -->
  <testcase classname="testNGAnnotation_Flag.Flag3" name="method1" time="0.001">
    <system-out>
      <![CDATA[Login Test Case!!]]>
    </system-out>
  </testcase> <!-- method1 -->
  <testcase classname="testNGAnnotation_Flag.Flag3" name="method1" time="0.001">
    <system-out>
      <![CDATA[Login Test Case!!]]>
    </system-out>
  </testcase> <!-- method1 -->
  <testcase classname="testNGAnnotation_Flag.Flag3" name="method1" time="0.001">
    <system-out>
      <![CDATA[Login Test Case!!]]>
    </system-out>
  </testcase> <!-- method1 -->
  <testcase classname="testNGAnnotation_Flag.Flag3" name="method1" time="0.001">
    <system-out>
      <![CDATA[Login Test Case!!]]>
    </system-out>
  </testcase> <!-- method1 -->
  <testcase classname="testNGAnnotation_Flag.Flag3" name="method1" time="0.001">
    <system-out>
      <![CDATA[Login Test Case!!]]>
    </system-out>
  </testcase> <!-- method1 -->
  <testcase classname="testNGAnnotation_Flag.Flag3" name="method1" time="0.001">
    <system-out>
      <![CDATA[Login Test Case!!]]>
    </system-out>
  </testcase> <!-- method1 -->
  <testcase classname="testNGAnnotation_Flag.Flag3" name="method1" time="0.000">
    <system-out>
      <![CDATA[Login Test Case!!]]>
    </system-out>
  </testcase> <!-- method1 -->
  <testcase classname="testNGAnnotation_Flag.Flag3" name="method1" time="0.027">
    <system-out>
      <![CDATA[Login Test Case!!]]>
    </system-out>
  </testcase> <!-- method1 -->
  <testcase classname="testNGAnnotation_Flag.Flag3" name="method1" time="0.002">
    <system-out>
      <![CDATA[Login Test Case!!]]>
    </system-out>
  </testcase> <!-- method1 -->
  <testcase classname="testNGAnnotation_Flag.Flag3" name="method1" time="0.000">
    <system-out>
      <![CDATA[Login Test Case!!]]>
    </system-out>
  </testcase> <!-- method1 -->
  <testcase classname="testNGAnnotation_Flag.Flag3" name="method1" time="0.000">
    <system-out>
      <![CDATA[Login Test Case!!]]>
    </system-out>
  </testcase> <!-- method1 -->
  <testcase classname="testNGAnnotation_Flag.Flag3" name="method1" time="0.000">
    <system-out>
      <![CDATA[Login Test Case!!]]>
    </system-out>
  </testcase> <!-- method1 -->
  <testcase classname="testNGAnnotation_Flag.Flag3" name="method1" time="0.001">
    <system-out>
      <![CDATA[Login Test Case!!]]>
    </system-out>
  </testcase> <!-- method1 -->
  <testcase classname="testNGAnnotation_Flag.Flag3" name="method1" time="0.001">
    <system-out>
      <![CDATA[Login Test Case!!]]>
    </system-out>
  </testcase> <!-- method1 -->
  <testcase classname="testNGAnnotation_Flag.Flag3" name="method1" time="0.000">
    <system-out>
      <![CDATA[Login Test Case!!]]>
    </system-out>
  </testcase> <!-- method1 -->
  <testcase classname="testNGAnnotation_Flag.Flag3" name="method1" time="0.000">
    <system-out>
      <![CDATA[Login Test Case!!]]>
    </system-out>
  </testcase> <!-- method1 -->
  <testcase classname="testNGAnnotation_Flag.Flag3" name="method1" time="0.005">
    <system-out>
      <![CDATA[Login Test Case!!]]>
    </system-out>
  </testcase> <!-- method1 -->
  <testcase classname="testNGAnnotation_Flag.Flag3" name="method1" time="0.004">
    <system-out>
      <![CDATA[Login Test Case!!]]>
    </system-out>
  </testcase> <!-- method1 -->
  <testcase classname="testNGAnnotation_Flag.Flag3" name="method1" time="0.007">
    <system-out>
      <![CDATA[Login Test Case!!]]>
    </system-out>
  </testcase> <!-- method1 -->
  <testcase classname="testNGAnnotation_Flag.Flag3" name="method1" time="0.000">
    <system-out>
      <![CDATA[Login Test Case!!]]>
    </system-out>
  </testcase> <!-- method1 -->
  <testcase classname="testNGAnnotation_Flag.Flag3" name="method1" time="0.000">
    <system-out>
      <![CDATA[Login Test Case!!]]>
    </system-out>
  </testcase> <!-- method1 -->
  <testcase classname="testNGAnnotation_Flag.Flag3" name="method1" time="0.000">
    <system-out>
      <![CDATA[Login Test Case!!]]>
    </system-out>
  </testcase> <!-- method1 -->
  <testcase classname="testNGAnnotation_Flag.Flag3" name="method1" time="0.001">
    <system-out>
      <![CDATA[Login Test Case!!]]>
    </system-out>
  </testcase> <!-- method1 -->
  <testcase classname="testNGAnnotation_Flag.Flag3" name="method1" time="0.000">
    <system-out>
      <![CDATA[Login Test Case!!]]>
    </system-out>
  </testcase> <!-- method1 -->
  <testcase classname="testNGAnnotation_Flag.Flag3" name="method1" time="0.001">
    <system-out>
      <![CDATA[Login Test Case!!]]>
    </system-out>
  </testcase> <!-- method1 -->
  <testcase classname="testNGAnnotation_Flag.Flag3" name="method1" time="0.000">
    <system-out>
      <![CDATA[Login Test Case!!]]>
    </system-out>
  </testcase> <!-- method1 -->
  <testcase classname="testNGAnnotation_Flag.Flag3" name="method1" time="0.004">
    <system-out>
      <![CDATA[Login Test Case!!]]>
    </system-out>
  </testcase> <!-- method1 -->
  <testcase classname="testNGAnnotation_Flag.Flag3" name="method1" time="0.002">
    <system-out>
      <![CDATA[Login Test Case!!]]>
    </system-out>
  </testcase> <!-- method1 -->
  <testcase classname="testNGAnnotation_Flag.Flag3" name="method1" time="0.001">
    <system-out>
      <![CDATA[Login Test Case!!]]>
    </system-out>
  </testcase> <!-- method1 -->
[...]
  <testcase classname="testNGAnnotation_Flag.Flag3" name="method1" time="0.001">
    <system-out>
      <![CDATA[Login Test Case!!]]>
    </system-out>
  </testcase> <!-- method1 -->
  <testcase classname="testNGAnnotation_Flag.Flag3" name="method1" time="0.004">
    <system-out>
      <![CDATA[Login Test Case!!]]>
    </system-out>
  </testcase> <!-- method1 -->
  <testcase classname="testNGAnnotation_Flag.Flag3" name="method1" time="0.000">
    <system-out>
      <![CDATA[Login Test Case!!]]>
    </system-out>
  </testcase> <!-- method1 -->
  <testcase classname="testNGAnnotation_Flag.Flag3" name="method1" time="0.000">
    <system-out>
      <![CDATA[Login Test Case!!]]>
    </system-out>
  </testcase> <!-- method1 -->
  <testcase classname="testNGAnnotation_Flag.Flag3" name="method1" time="0.003">
    <system-out>
      <![CDATA[Login Test Case!!]]>
    </system-out>
  </testcase> <!-- method1 -->
  <testcase classname="testNGAnnotation_Flag.Flag3" name="method1" time="0.003">
    <system-out>
      <![CDATA[Login Test Case!!]]>
    </system-out>
  </testcase> <!-- method1 -->
  <testcase classname="testNGAnnotation_Flag.Flag3" name="method1" time="0.001">
    <system-out>
      <![CDATA[Login Test Case!!]]>
    </system-out>
  </testcase> <!-- method1 -->
  <testcase classname="testNGAnnotation_Flag.Flag3" name="method1" time="0.000">
    <system-out>
      <![CDATA[Login Test Case!!]]>
    </system-out>
  </testcase> <!-- method1 -->
  <testcase classname="testNGAnnotation_Flag.Flag3" name="method1" time="0.001">
    <system-out>
      <![CDATA[Login Test Case!!]]>
    </system-out>
  </testcase> <!-- method1 -->
  <testcase classname="testNGAnnotation_Flag.Flag3" name="method1" time="0.000">
    <system-out>
      <![CDATA[Login Test Case!!]]>
    </system-out>
  </testcase> <!-- method1 -->
  <system-out>
    <![CDATA[Login Test Case!!
Login Test Case!!
Login Test Case!!
Login Test Case!!
Login Test Case!!
Login Test Case!!
Login Test Case!!
Login Test Case!!
Login Test Case!!
Login Test Case!!
Login Test Case!!
Login Test Case!!
Login Test Case!!
Login Test Case!!
Login Test Case!!
Login Test Case!!
Login Test Case!!
Login Test Case!!
Login Test Case!!
Login Test Case!!
Login Test Case!!
Login Test Case!!
Login Test Case!!
Login Test Case!!
Login Test Case!!
Login Test Case!!
Login Test Case!!
Login Test Case!!
Login Test Case!!
Login Test Case!!
Login Test Case!!
Login Test Case!!
Login Test Case!!
Login Test Case!!
Login Test Case!!
Login Test Case!!
Login Test Case!!
Login Test Case!!
Login Test Case!!
Login Test Case!!
Login Test Case!!
Login Test Case!!
Login Test Case!!
Login Test Case!!
Login Test Case!!
Login Test Case!!
Login Test Case!!
Login Test Case!!
Login Test Case!!
Login Test Case!!
Login Test Case!!
Login Test Case!!
Login Test Case!!
Login Test Case!!
Login Test Case!!
Login Test Case!!
Login Test Case!!
Login Test Case!!
Login Test Case!!
Login Test Case!!
Login Test Case!!
Login Test Case!!
Login Test Case!!
Login Test Case!!
Login Test Case!!
Login Test Case!!
Login Test Case!!
Login Test Case!!
Login Test Case!!
Login Test Case!!
Login Test Case!!
Login Test Case!!
Login Test Case!!
Login Test Case!!
Login Test Case!!
Login Test Case!!
Login Test Case!!
Login Test Case!!
Login Test Case!!
Login Test Case!!
Login Test Case!!
Login Test Case!!
Login Test Case!!
Login Test Case!!
Login Test Case!!
Login Test Case!!
Login Test Case!!
Login Test Case!!
Login Test Case!!
Login Test Case!!
Login Test Case!!
Login Test Case!!
Login Test Case!!
Login Test Case!!
Login Test Case!!
Login Test Case!!
Login Test Case!!
Login Test Case!!
Login Test Case!!
Login Test Case!!
Login Test Case!!
Login Test Case!!
Login Test Case!!
Login Test Case!!
Login Test Case!!
Login Test Case!!
Login Test Case!!
Login Test Case!!
Login Test Case!!
Login Test Case!!
Login Test Case!!
Login Test Case!!
Login Test Case!!
Login Test Case!!
Login Test Case!!
Login Test Case!!
Login Test Case!!
Login Test Case!!
Login Test Case!!
Login Test Case!!
Login Test Case!!
Login Test Case!!
Login Test Case!!
Login Test Case!!
Login Test Case!!
Login Test Case!!
Login Test Case!!
Login Test Case!!
Login Test Case!!
Login Test Case!!
Login Test Case!!
Login Test Case!!
Login Test Case!!
Login Test Case!!
Login Test Case!!
Login Test Case!!
Login Test Case!!
Login Test Case!!
Login Test Case!!
Login Test Case!!
Login Test Case!!
Login Test Case!!
Login Test Case!!
Login Test Case!!
Login Test Case!!
Login Test Case!!
Login Test Case!!
Login Test Case!!
Login Test Case!!
Login Test Case!!
Login Test Case!!
Login Test Case!!
Login Test Case!!
Login Test Case!!
Login Test Case!!
Login Test Case!!
Login Test Case!!
Login Test Case!!
Login Test Case!!
Login Test Case!!
Login Test Case!!
Login Test Case!!
Login Test Case!!
Login Test Case!!
Login Test Case!!
Login Test Case!!
Login Test Case!!
Login Test Case!!
Login Test Case!!
Login Test Case!!
Login Test Case!!
Login Test Case!!
Login Test Case!!
Login Test Case!!
Login Test Case!!
Login Test Case!!
Login Test Case!!
Login Test Case!!
Login Test Case!!
Login Test Case!!
Login Test Case!!
Login Test Case!!
Login Test Case!!
Login Test Case!!
Login Test Case!!
Login Test Case!!
Login Test Case!!
Login Test Case!!
Login Test Case!!
Login Test Case!!
Login Test Case!!
Login Test Case!!
Login Test Case!!
Login Test Case!!
Login Test Case!!
Login Test Case!!
Login Test Case!!
Login Test Case!!
Login Test Case!!
Login Test Case!!
Login Test Case!!
Login Test Case!!
Login Test Case!!
Login Test Case!!
Login Test Case!!
Login Test Case!!
Login Test Case!!
Login Test Case!!
Login Test Case!!
Login Test Case!!
Login Test Case!!
Login Test Case!!
Login Test Case!!
Login Test Case!!
Login Test Case!!
Login Test Case!!
Login Test Case!!
Login Test Case!!
Login Test Case!!
Login Test Case!!
Login Test Case!!
Login Test Case!!
Login Test Case!!
Login Test Case!!
Login Test Case!!
Login Test Case!!
Login Test Case!!
Login Test Case!!
Login Test Case!!
Login Test Case!!
Login Test Case!!
Login Test Case!!
Login Test Case!!
Login Test Case!!
Login Test Case!!
Login Test Case!!
Login Test Case!!
Login Test Case!!
Login Test Case!!
Login Test Case!!
Login Test Case!!
Login Test Case!!
Login Test Case!!
Login Test Case!!
Login Test Case!!
Login Test Case!!
Login Test Case!!
Login Test Case!!
Login Test Case!!
Login Test Case!!
Login Test Case!!
Login Test Case!!
Login Test Case!!
Login Test Case!!
Login Test Case!!
Login Test Case!!
Login Test Case!!
Login Test Case!!
Login Test Case!!
Login Test Case!!
Login Test Case!!
Login Test Case!!
Login Test Case!!
Login Test Case!!
Login Test Case!!
Login Test Case!!
Login Test Case!!
Login Test Case!!
Login Test Case!!
Login Test Case!!
Login Test Case!!
Login Test Case!!
Login Test Case!!
Login Test Case!!
Login Test Case!!
Login Test Case!!
Login Test Case!!
Login Test Case!!
Login Test Case!!
Login Test Case!!
Login Test Case!!
Login Test Case!!
Login Test Case!!
Login Test Case!!
Login Test Case!!
Login Test Case!!
Login Test Case!!
Login Test Case!!
Login Test Case!!
Login Test Case!!
Login Test Case!!
Login Test Case!!
Login Test Case!!
Login Test Case!!
Login Test Case!!
Login Test Case!!
Login Test Case!!
Login Test Case!!
Login Test Case!!
Login Test Case!!
Login Test Case!!
Login Test Case!!
Login Test Case!!
Login Test Case!!
Login Test Case!!
Login Test Case!!
Login Test Case!!
Login Test Case!!
Login Test Case!!
Login Test Case!!
Login Test Case!!
Login Test Case!!
Login Test Case!!
Login Test Case!!
Login Test Case!!
Login Test Case!!
Login Test Case!!
Login Test Case!!
Login Test Case!!
Login Test Case!!
Login Test Case!!
Login Test Case!!
Login Test Case!!
Login Test Case!!
Login Test Case!!
Login Test Case!!
Login Test Case!!
Login Test Case!!
Login Test Case!!
Login Test Case!!
Login Test Case!!
Login Test Case!!
Login Test Case!!
Login Test Case!!
Login Test Case!!
Login Test Case!!
Login Test Case!!
Login Test Case!!
Login Test Case!!
Login Test Case!!
Login Test Case!!
Login Test Case!!
Login Test Case!!
Login Test Case!!
Login Test Case!!
Login Test Case!!
Login Test Case!!
Login Test Case!!
Login Test Case!!
Login Test Case!!
Login Test Case!!
Login Test Case!!
Login Test Case!!
Login Test Case!!
Login Test Case!!
Login Test Case!!
Login Test Case!!
Login Test Case!!
Login Test Case!!
Login Test Case!!
Login Test Case!!
Login Test Case!!
Login Test Case!!
Login Test Case!!
Login Test Case!!
Login Test Case!!
Login Test Case!!
Login Test Case!!
Login Test Case!!
Login Test Case!!
Login Test Case!!
Login Test Case!!
Login Test Case!!
Login Test Case!!
Login Test Case!!
Login Test Case!!
Login Test Case!!
Login Test Case!!
Login Test Case!!
Login Test Case!!
Login Test Case!!
Login Test Case!!
Login Test Case!!
Login Test Case!!
Login Test Case!!
Login Test Case!!
Login Test Case!!
Login Test Case!!
Login Test Case!!
Login Test Case!!
Login Test Case!!
Login Test Case!!
Login Test Case!!
Login Test Case!!
Login Test Case!!
Login Test Case!!
Login Test Case!!
Login Test Case!!
Login Test Case!!
Login Test Case!!
Login Test Case!!
Login Test Case!!
Login Test Case!!
Login Test Case!!
Login Test Case!!
Login Test Case!!
Login Test Case!!
Login Test Case!!
Login Test Case!!
Login Test Case!!
Login Test Case!!
Login Test Case!!
Login Test Case!!
Login Test Case!!
Login Test Case!!
Login Test Case!!
Login Test Case!!
Login Test Case!!
Login Test Case!!
Login Test Case!!
Login Test Case!!
Login Test Case!!
Login Test Case!!
Login Test Case!!
Login Test Case!!
Login Test Case!!
Login Test Case!!
Login Test Case!!
Login Test Case!!
Login Test Case!!
Login Test Case!!
Login Test Case!!
Login Test Case!!
Login Test Case!!
Login Test Case!!
Login Test Case!!
Login Test Case!!
Login Test Case!!
Login Test Case!!
Login Test Case!!
Login Test Case!!
Login Test Case!!
Login Test Case!!
Login Test Case!!
Login Test Case!!
Login Test Case!!
Login Test Case!!
Login Test Case!!
Login Test Case!!
Login Test Case!!
Login Test Case!!
Login Test Case!!
Login Test Case!!
Login Test Case!!
Login Test Case!!
Login Test Case!!
Login Test Case!!
Login Test Case!!
Login Test Case!!
Login Test Case!!
Login Test Case!!
Login Test Case!!
Login Test Case!!
Login Test Case!!
Login Test Case!!
Login Test Case!!
Login Test Case!!
Login Test Case!!
Login Test Case!!
Login Test Case!!
Login Test Case!!
Login Test Case!!
Login Test Case!!
Login Test Case!!
Login Test Case!!
Login Test Case!!
Login Test Case!!
Login Test Case!!
Login Test Case!!
Login Test Case!!
Login Test Case!!
Login Test Case!!
Login Test Case!!
Login Test Case!!
Login Test Case!!
Login Test Case!!
Login Test Case!!
Login Test Case!!
Login Test Case!!
Login Test Case!!
Login Test Case!!
Login Test Case!!
Login Test Case!!
Login Test Case!!
Login Test Case!!
Login Test Case!!
Login Test Case!!
Login Test Case!!
Login Test Case!!
Login Test Case!!
Login Test Case!!
Login Test Case!!
Login Test Case!!
Login Test Case!!
Login Test Case!!
Login Test Case!!
Login Test Case!!
Login Test Case!!
Login Test Case!!
Login Test Case!!
Login Test Case!!
Login Test Case!!
Login Test Case!!
Login Test Case!!
Login Test Case!!
Login Test Case!!
Login Test Case!!
Login Test Case!!
Login Test Case!!
Login Test Case!!
Login Test Case!!
Login Test Case!!
Login Test Case!!
Login Test Case!!
Login Test Case!!
Login Test Case!!
Login Test Case!!
Login Test Case!!
Login Test Case!!
Login Test Case!!
Login Test Case!!
Login Test Case!!
Login Test Case!!
Login Test Case!!
Login Test Case!!
Login Test Case!!
Login Test Case!!
Login Test Case!!
Login Test Case!!
Login Test Case!!
Login Test Case!!
Login Test Case!!
Login Test Case!!
Login Test Case!!
Login Test Case!!
Login Test Case!!
Login Test Case!!
Login Test Case!!
Login Test Case!!
Login Test Case!!
Login Test Case!!
Login Test Case!!
Login Test Case!!
Login Test Case!!
Login Test Case!!
Login Test Case!!
Login Test Case!!
Login Test Case!!
Login Test Case!!
Login Test Case!!
Login Test Case!!
Login Test Case!!
Login Test Case!!
Login Test Case!!
Login Test Case!!
Login Test Case!!
Login Test Case!!
Login Test Case!!
Login Test Case!!
Login Test Case!!
Login Test Case!!
Login Test Case!!
Login Test Case!!
Login Test Case!!
Login Test Case!!
Login Test Case!!
Login Test Case!!
Login Test Case!!
Login Test Case!!
Login Test Case!!
Login Test Case!!
Login Test Case!!
Login Test Case!!
Login Test Case!!
Login Test Case!!
Login Test Case!!
Login Test Case!!
Login Test Case!!
Login Test Case!!
Login Test Case!!
Login Test Case!!
Login Test Case!!
Login Test Case!!
Login Test Case!!
Login Test Case!!
Login Test Case!!
Login Test Case!!
Login Test Case!!
Login Test Case!!
Login Test Case!!
Login Test Case!!
Login Test Case!!
Login Test Case!!
Login Test Case!!
Login Test Case!!
Login Test Case!!
Login Test Case!!
Login Test Case!!
Login Test Case!!
Login Test Case!!
Login Test Case!!
Login Test Case!!
Login Test Case!!
Login Test Case!!
Login Test Case!!
Login Test Case!!
Login Test Case!!
Login Test Case!!
Login Test Case!!
Login Test Case!!
Login Test Case!!
Login Test Case!!
Login Test Case!!
Login Test Case!!
Login Test Case!!
Login Test Case!!
Login Test Case!!
Login Test Case!!
Login Test Case!!
Login Test Case!!
Login Test Case!!
Login Test Case!!
Login Test Case!!
Login Test Case!!
Login Test Case!!
Login Test Case!!
Login Test Case!!
Login Test Case!!
Login Test Case!!
Login Test Case!!
Login Test Case!!
Login Test Case!!
Login Test Case!!
Login Test Case!!
Login Test Case!!
Login Test Case!!
Login Test Case!!
Login Test Case!!
Login Test Case!!
Login Test Case!!
Login Test Case!!
Login Test Case!!
Login Test Case!!
Login Test Case!!
Login Test Case!!
Login Test Case!!
Login Test Case!!
Login Test Case!!
Login Test Case!!
Login Test Case!!
Login Test Case!!
Login Test Case!!
Login Test Case!!
Login Test Case!!
Login Test Case!!
Login Test Case!!
Login Test Case!!
Login Test Case!!
Login Test Case!!
Login Test Case!!
Login Test Case!!
Login Test Case!!
Login Test Case!!
Login Test Case!!
Login Test Case!!
Login Test Case!!
Login Test Case!!
Login Test Case!!
Login Test Case!!
Login Test Case!!
Login Test Case!!
Login Test Case!!
Login Test Case!!
Login Test Case!!
Login Test Case!!
Login Test Case!!
Login Test Case!!
Login Test Case!!
Login Test Case!!
Login Test Case!!
Login Test Case!!
Login Test Case!!
Login Test Case!!
Login Test Case!!
Login Test Case!!
Login Test Case!!
Login Test Case!!
Login Test Case!!
Login Test Case!!
Login Test Case!!
Login Test Case!!
Login Test Case!!
Login Test Case!!
Login Test Case!!
Login Test Case!!
Login Test Case!!
Login Test Case!!
Login Test Case!!
Login Test Case!!
Login Test Case!!
Login Test Case!!
Login Test Case!!
Login Test Case!!
Login Test Case!!
Login Test Case!!
Login Test Case!!
Login Test Case!!
Login Test Case!!
Login Test Case!!
Login Test Case!!
Login Test Case!!
Login Test Case!!
Login Test Case!!
Login Test Case!!
Login Test Case!!
Login Test Case!!
Login Test Case!!
Login Test Case!!
Login Test Case!!
Login Test Case!!
Login Test Case!!
Login Test Case!!
Login Test Case!!
Login Test Case!!
Login Test Case!!
Login Test Case!!
Login Test Case!!
Login Test Case!!
Login Test Case!!
Login Test Case!!
Login Test Case!!
Login Test Case!!
Login Test Case!!
Login Test Case!!
Login Test Case!!
Login Test Case!!
Login Test Case!!
Login Test Case!!
Login Test Case!!
Login Test Case!!
Login Test Case!!
Login Test Case!!
Login Test Case!!
Login Test Case!!
Login Test Case!!
Login Test Case!!
Login Test Case!!
Login Test Case!!
Login Test Case!!
Login Test Case!!
Login Test Case!!
Login Test Case!!
Login Test Case!!
Login Test Case!!
Login Test Case!!
Login Test Case!!
Login Test Case!!
Login Test Case!!
Login Test Case!!
Login Test Case!!
Login Test Case!!
Login Test Case!!
Login Test Case!!
Login Test Case!!
Login Test Case!!
Login Test Case!!
Login Test Case!!
Login Test Case!!
Login Test Case!!
Login Test Case!!
Login Test Case!!
Login Test Case!!
Login Test Case!!
Login Test Case!!
Login Test Case!!
Login Test Case!!
Login Test Case!!
Login Test Case!!
Login Test Case!!
Login Test Case!!
Login Test Case!!
Login Test Case!!
Login Test Case!!
Login Test Case!!
Login Test Case!!
Login Test Case!!
Login Test Case!!
Login Test Case!!
Login Test Case!!
Login Test Case!!
Login Test Case!!
Login Test Case!!
Login Test Case!!
Login Test Case!!
Login Test Case!!
Login Test Case!!
Login Test Case!!
Login Test Case!!
Login Test Case!!
Login Test Case!!
Login Test Case!!
Login Test Case!!
Login Test Case!!
Login Test Case!!
Login Test Case!!
Login Test Case!!
Login Test Case!!
Login Test Case!!
Login Test Case!!
Login Test Case!!
Login Test Case!!
Login Test Case!!
Login Test Case!!
Login Test Case!!
Login Test Case!!
Login Test Case!!
Login Test Case!!
Login Test Case!!
Login Test Case!!
Login Test Case!!
Login Test Case!!
Login Test Case!!
Login Test Case!!
Login Test Case!!
Login Test Case!!
Login Test Case!!
Login Test Case!!
Login Test Case!!
Login Test Case!!
Login Test Case!!
Login Test Case!!
Login Test Case!!
Login Test Case!!
Login Test Case!!
Login Test Case!!
Login Test Case!!
Login Test Case!!
Login Test Case!!
Login Test Case!!
Login Test Case!!
Login Test Case!!
Login Test Case!!
Login Test Case!!
Login Test Case!!
Login Test Case!!
Login Test Case!!
Login Test Case!!
Login Test Case!!
Login Test Case!!
Login Test Case!!
Login Test Case!!
Login Test Case!!
Login Test Case!!
Login Test Case!!
Login Test Case!!
Login Test Case!!
Login Test Case!!
Login Test Case!!
Login Test Case!!
Login Test Case!!
Login Test Case!!
Login Test Case!!
Login Test Case!!
Login Test Case!!
Login Test Case!!
Login Test Case!!
Login Test Case!!
Login Test Case!!
Login Test Case!!
Login Test Case!!
Login Test Case!!
Login Test Case!!
Login Test Case!!
Login Test Case!!
Login Test Case!!
Login Test Case!!
Login Test Case!!
Login Test Case!!
Login Test Case!!
Login Test Case!!
Login Test Case!!
Login Test Case!!
Login Test Case!!
Login Test Case!!
Login Test Case!!
Login Test Case!!
Login Test Case!!
Login Test Case!!
Login Test Case!!
Login Test Case!!
Login Test Case!!
Login Test Case!!
Login Test Case!!
Login Test Case!!
Login Test Case!!
Login Test Case!!
Login Test Case!!
Login Test Case!!
Login Test Case!!
Login Test Case!!
Login Test Case!!
Login Test Case!!
Login Test Case!!
Login Test Case!!
Login Test Case!!
Login Test Case!!
Login Test Case!!
Login Test Case!!
Login Test Case!!
Login Test Case!!
Login Test Case!!
Login Test Case!!
Login Test Case!!
Login Test Case!!
Login Test Case!!
Login Test Case!!
Login Test Case!!
Login Test Case!!
Login Test Case!!
Login Test Case!!
Login Test Case!!
Login Test Case!!
Login Test Case!!
Login Test Case!!
Login Test Case!!
Login Test Case!!
Login Test Case!!
Login Test Case!!
Login Test Case!!
Login Test Case!!
Login Test Case!!
Login Test Case!!
Login Test Case!!
Login Test Case!!
Login Test Case!!
Login Test Case!!
Login Test Case!!
Login Test Case!!
Login Test Case!!
Login Test Case!!
Login Test Case!!
Login Test Case!!
Login Test Case!!
Login Test Case!!
Login Test Case!!
Login Test Case!!
Login Test Case!!
Login Test Case!!
Login Test Case!!
Login Test Case!!
Login Test Case!!
Login Test Case!!
Login Test Case!!
Login Test Case!!
Login Test Case!!
Login Test Case!!
Login Test Case!!
Login Test Case!!
Login Test Case!!
Login Test Case!!
Login Test Case!!
Login Test Case!!
Login Test Case!!
Login Test Case!!
Login Test Case!!
Login Test Case!!
Login Test Case!!
Login Test Case!!
Login Test Case!!
Login Test Case!!
Login Test Case!!
Login Test Case!!
Login Test Case!!
Login Test Case!!
Login Test Case!!
Login Test Case!!
Login Test Case!!
Login Test Case!!
Login Test Case!!
Login Test Case!!
Login Test Case!!
Login Test Case!!
Login Test Case!!
Login Test Case!!
Login Test Case!!
Login Test Case!!
Login Test Case!!
Login Test Case!!
Login Test Case!!
Login Test Case!!]]>
  </system-out>
</testsuite> <!-- testNGAnnotation_Flag.Flag3 -->
