<?xml version="1.0" encoding="UTF-8"?>
<!-- Generated by org.testng.reporters.JUnitXMLReporter -->
<testsuite ignored="0" hostname="DESKTOP-7KBD9CU" failures="0" tests="3" name="Test" time="0.224" errors="0" timestamp="2023-07-17T14:03:21 IST">
  <testcase classname="testNgPackage.Demo" name="demoMethod" time="0.022"/>
  <testcase classname="testNgPackage.Remo" name="remoMethod" time="0.004"/>
  <testcase classname="testNgPackage.Sumo" name="sumoMethod" time="0.003"/>
</testsuite> <!-- Test -->
